#
# There is insufficient memory for the Java Runtime Environment to continue.
# Native memory allocation (mmap) failed to map 261095424 bytes for committing reserved memory.
# Possible reasons:
#   The system is out of physical RAM or swap space
#   The process is running with CompressedOops enabled, and the Java Heap may be blocking the growth of the native heap
# Possible solutions:
#   Reduce memory load on the system
#   Increase physical memory or swap space
#   Check if swap backing store is full
#   Decrease Java heap size (-Xmx/-Xms)
#   Decrease number of Java threads
#   Decrease Java thread stack sizes (-Xss)
#   Set larger code cache with -XX:ReservedCodeCacheSize=
#   JVM is running with Unscaled Compressed Oops mode in which the Java heap is
#     placed in the first 4GB address space. The Java Heap base address is the
#     maximum limit for the native heap growth. Please use -XX:HeapBaseMinAddress
#     to set the Java Heap base and to place the Java Heap above 4GB virtual address.
# This output file may be truncated or incomplete.
#
#  Out of Memory Error (os_linux.cpp:2805), pid=19137, tid=19145
#
# JRE version: Java(TM) SE Runtime Environment (13.0.2+8) (build 13.0.2+8)
# Java VM: Java HotSpot(TM) 64-Bit Server VM (13.0.2+8, mixed mode, sharing, tiered, compressed oops, g1 gc, linux-amd64)
# Core dump will be written. Default location: Core dumps may be processed with "/usr/share/apport/apport %p %s %c %d %P" (or dumping to /home/iulia/sepm/ss20_sepm_inso_10/backend/core.19137)
#

---------------  S U M M A R Y ------------

Command Line: -XX:TieredStopAtLevel=1 at.ac.tuwien.sepm.groupphase.backend.BackendApplication --spring.profiles.active=generateData

Host: Intel(R) Core(TM) i5-3320M CPU @ 2.60GHz, 4 cores, 7G, Linux Mint 19 Tara
Time: Mon Jun 22 23:16:27 2020 CEST elapsed time: 81 seconds (0d 0h 1m 21s)

---------------  T H R E A D  ---------------

Current thread (0x00007f2ea012a800):  VMThread "VM Thread" [stack: 0x00007f2ea4a6f000,0x00007f2ea4b6f000] [id=19145]

Stack: [0x00007f2ea4a6f000,0x00007f2ea4b6f000],  sp=0x00007f2ea4b6cff0,  free space=1015k
Native frames: (J=compiled Java code, A=aot compiled Java code, j=interpreted, Vv=VM code, C=native code)
V  [libjvm.so+0xdbe957]  VMError::report_and_die(int, char const*, char const*, __va_list_tag*, Thread*, unsigned char*, void*, void*, char const*, int, unsigned long)+0x377
V  [libjvm.so+0xdbf50b]  VMError::report_and_die(Thread*, char const*, int, unsigned long, VMErrorType, char const*, __va_list_tag*)+0x2b
V  [libjvm.so+0x628625]  report_vm_out_of_memory(char const*, int, unsigned long, VMErrorType, char const*, ...)+0xc5
V  [libjvm.so+0xba41c8]  os::pd_commit_memory_or_exit(char*, unsigned long, unsigned long, bool, char const*)+0xd8
V  [libjvm.so+0xb9af2d]  os::commit_memory_or_exit(char*, unsigned long, unsigned long, bool, char const*)+0x1d
V  [libjvm.so+0x75444c]  G1PageBasedVirtualSpace::commit_preferred_pages(unsigned long, unsigned long)+0x6c
V  [libjvm.so+0x754854]  G1PageBasedVirtualSpace::commit(unsigned long, unsigned long)+0x174
V  [libjvm.so+0x75ffc6]  G1RegionsLargerThanCommitSizeMapper::commit_regions(unsigned int, unsigned long, WorkGang*)+0x46
V  [libjvm.so+0x7d516e]  HeapRegionManager::commit_regions(unsigned int, unsigned long, WorkGang*)+0x4e
V  [libjvm.so+0x7d5e70]  HeapRegionManager::make_regions_available(unsigned int, unsigned int, WorkGang*)+0x30
V  [libjvm.so+0x7d6397]  HeapRegionManager::expand_at(unsigned int, unsigned int, WorkGang*)+0xf7
V  [libjvm.so+0x70c220]  G1CollectedHeap::expand(unsigned long, WorkGang*, double*)+0xe0
V  [libjvm.so+0x70ce4b]  G1CollectedHeap::expand_heap_after_young_collection()+0x3b
V  [libjvm.so+0x710c3e]  G1CollectedHeap::do_collection_pause_at_safepoint(double)+0x5fe
V  [libjvm.so+0x770774]  VM_G1CollectForAllocation::doit()+0xa4
V  [libjvm.so+0xdc0de7]  VM_Operation::evaluate()+0xe7
V  [libjvm.so+0xdc7cb7]  VMThread::evaluate_operation(VM_Operation*) [clone .constprop.68]+0xc7
V  [libjvm.so+0xdc843e]  VMThread::loop()+0x67e
V  [libjvm.so+0xdc8717]  VMThread::run()+0x77
V  [libjvm.so+0xd5637d]  Thread::call_run()+0x10d
V  [libjvm.so+0xba8b37]  thread_native_entry(Thread*)+0xe7

VM_Operation (0x00007f2ea9b43e10): G1CollectForAllocation, mode: safepoint, requested by thread 0x00007f2ea001b800


---------------  P R O C E S S  ---------------

Threads class SMR info:
_java_thread_list=0x00007f2e240070c0, length=13, elements={
0x00007f2ea001b800, 0x00007f2ea012d800, 0x00007f2ea0137800, 0x00007f2ea013d800,
0x00007f2ea013f800, 0x00007f2ea0141800, 0x00007f2ea0182800, 0x00007f2ea0187000,
0x00007f2ea105b800, 0x00007f2e44320000, 0x00007f2ea105e800, 0x00007f2ea14ac000,
0x00007f2ea14a3800
}

Java Threads: ( => current thread )
  0x00007f2ea001b800 JavaThread "main" [_thread_blocked, id=19139, stack(0x00007f2ea9a48000,0x00007f2ea9b49000)]
  0x00007f2ea012d800 JavaThread "Reference Handler" daemon [_thread_blocked, id=19146, stack(0x00007f2ea496c000,0x00007f2ea4a6d000)]
  0x00007f2ea0137800 JavaThread "Finalizer" daemon [_thread_blocked, id=19147, stack(0x00007f2ea486b000,0x00007f2ea496c000)]
  0x00007f2ea013d800 JavaThread "Signal Dispatcher" daemon [_thread_blocked, id=19148, stack(0x00007f2ea43ef000,0x00007f2ea44f0000)]
  0x00007f2ea013f800 JavaThread "C1 CompilerThread0" daemon [_thread_blocked, id=19149, stack(0x00007f2ea42ee000,0x00007f2ea43ef000)]
  0x00007f2ea0141800 JavaThread "Sweeper thread" daemon [_thread_blocked, id=19150, stack(0x00007f2ea41ed000,0x00007f2ea42ee000)]
  0x00007f2ea0182800 JavaThread "Service Thread" daemon [_thread_blocked, id=19151, stack(0x00007f2ea40ec000,0x00007f2ea41ed000)]
  0x00007f2ea0187000 JavaThread "Common-Cleaner" daemon [_thread_blocked, id=19153, stack(0x00007f2e84b79000,0x00007f2e84c7a000)]
  0x00007f2ea105b800 JavaThread "Catalina-utility-1" [_thread_blocked, id=19160, stack(0x00007f2e84976000,0x00007f2e84a77000)]
  0x00007f2e44320000 JavaThread "Catalina-utility-2" [_thread_blocked, id=19161, stack(0x00007f2e84067000,0x00007f2e84168000)]
  0x00007f2ea105e800 JavaThread "container-0" [_thread_blocked, id=19162, stack(0x00007f2e74ae4000,0x00007f2e74be5000)]
  0x00007f2ea14ac000 JavaThread "PostgreSQL-JDBC-SharedTimer-1" daemon [_thread_blocked, id=19164, stack(0x00007f2e2feff000,0x00007f2e30000000)]
  0x00007f2ea14a3800 JavaThread "HikariPool-1 housekeeper" daemon [_thread_blocked, id=19165, stack(0x00007f2e2fdfe000,0x00007f2e2feff000)]

Other Threads:
=>0x00007f2ea012a800 VMThread "VM Thread" [stack: 0x00007f2ea4a6f000,0x00007f2ea4b6f000] [id=19145]
  0x00007f2ea0184800 WatcherThread [stack: 0x00007f2e84c7c000,0x00007f2e84d7c000] [id=19152]
  0x00007f2ea006e800 GCTaskThread "GC Thread#0" [stack: 0x00007f2ea5cbb000,0x00007f2ea5dbb000] [id=19140]
  0x00007f2e6c001000 GCTaskThread "GC Thread#1" [stack: 0x00007f2e84a79000,0x00007f2e84b79000] [id=19154]
  0x00007f2e6c003800 GCTaskThread "GC Thread#2" [stack: 0x00007f2e84876000,0x00007f2e84976000] [id=19156]
  0x00007f2e6c005000 GCTaskThread "GC Thread#3" [stack: 0x00007f2e84774000,0x00007f2e84874000] [id=19157]
  0x00007f2ea0080000 ConcurrentGCThread "G1 Main Marker" [stack: 0x00007f2ea5bb9000,0x00007f2ea5cb9000] [id=19141]
  0x00007f2ea0082000 ConcurrentGCThread "G1 Conc#0" [stack: 0x00007f2ea5ab7000,0x00007f2ea5bb7000] [id=19142]
  0x00007f2ea00f9000 ConcurrentGCThread "G1 Refine#0" [stack: 0x00007f2ea55b1000,0x00007f2ea56b1000] [id=19143]
  0x00007f2ea00fa800 ConcurrentGCThread "G1 Young RemSet Sampling" [stack: 0x00007f2ea54af000,0x00007f2ea55af000] [id=19144]

Threads with active compile tasks:
C1 CompilerThread0    83549 7454 %     1       org.hibernate.loader.Loader::processResultSet @ 120 (258 bytes)

VM state:at safepoint (normal execution)

VM Mutex/Monitor currently owned by a thread:  ([mutex/lock_event])
[0x00007f2ea0016e50] Threads_lock - owner thread: 0x00007f2ea012a800
[0x00007f2ea0017a50] Heap_lock - owner thread: 0x00007f2ea001b800

Heap address: 0x0000000086200000, size: 1950 MB, Compressed Oops mode: 32-bit
Narrow klass base: 0x0000000800000000, Narrow klass shift: 3
Compressed class space size: 1073741824 Address: 0x0000000800aed000

Heap:
 garbage-first heap   total 509952K, used 124675K [0x0000000086200000, 0x0000000100000000)
  region size 1024K, 2 young (2048K), 2 survivors (2048K)
 Metaspace       used 59694K, capacity 61172K, committed 61468K, reserved 1101824K
  class space    used 8277K, capacity 8812K, committed 8812K, reserved 1048576K
Heap Regions: E=young(eden), S=young(survivor), O=old, HS=humongous(starts), HC=humongous(continues), CS=collection set, F=free, A=archive, TAMS=top-at-mark-start (previous, next)
|   0|0x0000000086200000, 0x0000000086300000, 0x0000000086300000|100%|HS|  |TAMS 0x0000000086300000, 0x0000000086300000| Complete 
|   1|0x0000000086300000, 0x0000000086400000, 0x0000000086400000|100%| O|  |TAMS 0x0000000086400000, 0x0000000086400000| Untracked 
|   2|0x0000000086400000, 0x0000000086500000, 0x0000000086500000|100%| O|  |TAMS 0x0000000086500000, 0x0000000086500000| Untracked 
|   3|0x0000000086500000, 0x0000000086600000, 0x0000000086600000|100%| O|  |TAMS 0x0000000086600000, 0x0000000086600000| Untracked 
|   4|0x0000000086600000, 0x0000000086700000, 0x0000000086700000|100%| O|  |TAMS 0x0000000086700000, 0x0000000086700000| Untracked 
|   5|0x0000000086700000, 0x0000000086800000, 0x0000000086800000|100%| O|  |TAMS 0x0000000086800000, 0x0000000086800000| Untracked 
|   6|0x0000000086800000, 0x0000000086900000, 0x0000000086900000|100%| O|  |TAMS 0x0000000086900000, 0x0000000086900000| Untracked 
|   7|0x0000000086900000, 0x0000000086928c00, 0x0000000086a00000| 15%| O|  |TAMS 0x0000000086928c00, 0x0000000086928c00| Untracked 
|   8|0x0000000086a00000, 0x0000000086b00000, 0x0000000086b00000|100%| O|  |TAMS 0x0000000086b00000, 0x0000000086b00000| Untracked 
|   9|0x0000000086b00000, 0x0000000086c00000, 0x0000000086c00000|100%| O|  |TAMS 0x0000000086c00000, 0x0000000086c00000| Untracked 
|  10|0x0000000086c00000, 0x0000000086d00000, 0x0000000086d00000|100%| O|  |TAMS 0x0000000086d00000, 0x0000000086d00000| Untracked 
|  11|0x0000000086d00000, 0x0000000086e00000, 0x0000000086e00000|100%| O|  |TAMS 0x0000000086e00000, 0x0000000086e00000| Untracked 
|  12|0x0000000086e00000, 0x0000000086f00000, 0x0000000086f00000|100%| O|  |TAMS 0x0000000086f00000, 0x0000000086f00000| Untracked 
|  13|0x0000000086f00000, 0x0000000087000000, 0x0000000087000000|100%| O|  |TAMS 0x0000000087000000, 0x0000000087000000| Untracked 
|  14|0x0000000087000000, 0x0000000087100000, 0x0000000087100000|100%| O|  |TAMS 0x0000000087100000, 0x0000000087100000| Untracked 
|  15|0x0000000087100000, 0x0000000087200000, 0x0000000087200000|100%| O|  |TAMS 0x0000000087200000, 0x0000000087200000| Untracked 
|  16|0x0000000087200000, 0x0000000087300000, 0x0000000087300000|100%| O|  |TAMS 0x0000000087300000, 0x0000000087300000| Untracked 
|  17|0x0000000087300000, 0x0000000087400000, 0x0000000087400000|100%| O|  |TAMS 0x0000000087400000, 0x0000000087400000| Untracked 
|  18|0x0000000087400000, 0x0000000087500000, 0x0000000087500000|100%| O|  |TAMS 0x0000000087500000, 0x0000000087500000| Untracked 
|  19|0x0000000087500000, 0x0000000087600000, 0x0000000087600000|100%| O|  |TAMS 0x0000000087600000, 0x0000000087600000| Untracked 
|  20|0x0000000087600000, 0x0000000087700000, 0x0000000087700000|100%| O|  |TAMS 0x0000000087700000, 0x0000000087700000| Untracked 
|  21|0x0000000087700000, 0x0000000087800000, 0x0000000087800000|100%| O|  |TAMS 0x0000000087800000, 0x0000000087800000| Untracked 
|  22|0x0000000087800000, 0x0000000087900000, 0x0000000087900000|100%| O|  |TAMS 0x0000000087900000, 0x0000000087900000| Untracked 
|  23|0x0000000087900000, 0x0000000087a00000, 0x0000000087a00000|100%| O|  |TAMS 0x0000000087a00000, 0x0000000087a00000| Untracked 
|  24|0x0000000087a00000, 0x0000000087b00000, 0x0000000087b00000|100%| O|  |TAMS 0x0000000087b00000, 0x0000000087b00000| Untracked 
|  25|0x0000000087b00000, 0x0000000087c00000, 0x0000000087c00000|100%| O|  |TAMS 0x0000000087c00000, 0x0000000087c00000| Untracked 
|  26|0x0000000087c00000, 0x0000000087d00000, 0x0000000087d00000|100%| O|  |TAMS 0x0000000087d00000, 0x0000000087d00000| Untracked 
|  27|0x0000000087d00000, 0x0000000087e00000, 0x0000000087e00000|100%| O|  |TAMS 0x0000000087e00000, 0x0000000087e00000| Untracked 
|  28|0x0000000087e00000, 0x0000000087f00000, 0x0000000087f00000|100%| O|  |TAMS 0x0000000087f00000, 0x0000000087f00000| Untracked 
|  29|0x0000000087f00000, 0x0000000088000000, 0x0000000088000000|100%| O|  |TAMS 0x0000000088000000, 0x0000000088000000| Untracked 
|  30|0x0000000088000000, 0x0000000088100000, 0x0000000088100000|100%| O|  |TAMS 0x0000000088100000, 0x0000000088100000| Untracked 
|  31|0x0000000088100000, 0x0000000088200000, 0x0000000088200000|100%| O|  |TAMS 0x0000000088200000, 0x0000000088200000| Untracked 
|  32|0x0000000088200000, 0x0000000088300000, 0x0000000088300000|100%| O|  |TAMS 0x0000000088300000, 0x0000000088300000| Untracked 
|  33|0x0000000088300000, 0x0000000088400000, 0x0000000088400000|100%| O|  |TAMS 0x0000000088300000, 0x0000000088400000| Untracked 
|  34|0x0000000088400000, 0x0000000088500000, 0x0000000088500000|100%| O|  |TAMS 0x0000000088500000, 0x0000000088500000| Untracked 
|  35|0x0000000088500000, 0x0000000088600000, 0x0000000088600000|100%| O|  |TAMS 0x0000000088600000, 0x0000000088600000| Untracked 
|  36|0x0000000088600000, 0x0000000088700000, 0x0000000088700000|100%| O|  |TAMS 0x0000000088700000, 0x0000000088700000| Untracked 
|  37|0x0000000088700000, 0x0000000088800000, 0x0000000088800000|100%| O|  |TAMS 0x0000000088800000, 0x0000000088800000| Untracked 
|  38|0x0000000088800000, 0x0000000088900000, 0x0000000088900000|100%| O|  |TAMS 0x0000000088900000, 0x0000000088900000| Untracked 
|  39|0x0000000088900000, 0x0000000088a00000, 0x0000000088a00000|100%| O|  |TAMS 0x0000000088a00000, 0x0000000088a00000| Untracked 
|  40|0x0000000088a00000, 0x0000000088b00000, 0x0000000088b00000|100%| O|  |TAMS 0x0000000088b00000, 0x0000000088b00000| Untracked 
|  41|0x0000000088b00000, 0x0000000088c00000, 0x0000000088c00000|100%| O|  |TAMS 0x0000000088c00000, 0x0000000088c00000| Untracked 
|  42|0x0000000088c00000, 0x0000000088d00000, 0x0000000088d00000|100%| O|  |TAMS 0x0000000088d00000, 0x0000000088d00000| Untracked 
|  43|0x0000000088d00000, 0x0000000088e00000, 0x0000000088e00000|100%| O|  |TAMS 0x0000000088e00000, 0x0000000088e00000| Untracked 
|  44|0x0000000088e00000, 0x0000000088f00000, 0x0000000088f00000|100%| O|  |TAMS 0x0000000088f00000, 0x0000000088f00000| Untracked 
|  45|0x0000000088f00000, 0x0000000089000000, 0x0000000089000000|100%| O|  |TAMS 0x0000000089000000, 0x0000000089000000| Untracked 
|  46|0x0000000089000000, 0x0000000089100000, 0x0000000089100000|100%| O|  |TAMS 0x0000000089100000, 0x0000000089100000| Untracked 
|  47|0x0000000089100000, 0x0000000089200000, 0x0000000089200000|100%| O|  |TAMS 0x0000000089200000, 0x0000000089200000| Untracked 
|  48|0x0000000089200000, 0x0000000089300000, 0x0000000089300000|100%| O|  |TAMS 0x0000000089300000, 0x0000000089300000| Untracked 
|  49|0x0000000089300000, 0x0000000089400000, 0x0000000089400000|100%| O|  |TAMS 0x0000000089400000, 0x0000000089400000| Untracked 
|  50|0x0000000089400000, 0x0000000089500000, 0x0000000089500000|100%| O|  |TAMS 0x0000000089500000, 0x0000000089500000| Untracked 
|  51|0x0000000089500000, 0x0000000089600000, 0x0000000089600000|100%| O|  |TAMS 0x0000000089600000, 0x0000000089600000| Untracked 
|  52|0x0000000089600000, 0x0000000089700000, 0x0000000089700000|100%| O|  |TAMS 0x0000000089700000, 0x0000000089700000| Untracked 
|  53|0x0000000089700000, 0x0000000089800000, 0x0000000089800000|100%| O|  |TAMS 0x0000000089800000, 0x0000000089800000| Untracked 
|  54|0x0000000089800000, 0x0000000089900000, 0x0000000089900000|100%| O|  |TAMS 0x0000000089900000, 0x0000000089900000| Untracked 
|  55|0x0000000089900000, 0x0000000089a00000, 0x0000000089a00000|100%| O|  |TAMS 0x0000000089a00000, 0x0000000089a00000| Untracked 
|  56|0x0000000089a00000, 0x0000000089b00000, 0x0000000089b00000|100%| O|  |TAMS 0x0000000089b00000, 0x0000000089b00000| Untracked 
|  57|0x0000000089b00000, 0x0000000089c00000, 0x0000000089c00000|100%| O|  |TAMS 0x0000000089c00000, 0x0000000089c00000| Untracked 
|  58|0x0000000089c00000, 0x0000000089d00000, 0x0000000089d00000|100%|HS|  |TAMS 0x0000000089d00000, 0x0000000089d00000| Complete 
|  59|0x0000000089d00000, 0x0000000089e00000, 0x0000000089e00000|100%|HS|  |TAMS 0x0000000089e00000, 0x0000000089e00000| Complete 
|  60|0x0000000089e00000, 0x0000000089f00000, 0x0000000089f00000|100%| O|  |TAMS 0x0000000089f00000, 0x0000000089f00000| Untracked 
|  61|0x0000000089f00000, 0x000000008a000000, 0x000000008a000000|100%| O|  |TAMS 0x000000008a000000, 0x000000008a000000| Untracked 
|  62|0x000000008a000000, 0x000000008a100000, 0x000000008a100000|100%| O|  |TAMS 0x000000008a100000, 0x000000008a100000| Untracked 
|  63|0x000000008a100000, 0x000000008a200000, 0x000000008a200000|100%| O|  |TAMS 0x000000008a200000, 0x000000008a200000| Untracked 
|  64|0x000000008a200000, 0x000000008a300000, 0x000000008a300000|100%| O|  |TAMS 0x000000008a300000, 0x000000008a300000| Untracked 
|  65|0x000000008a300000, 0x000000008a400000, 0x000000008a400000|100%| O|  |TAMS 0x000000008a400000, 0x000000008a400000| Untracked 
|  66|0x000000008a400000, 0x000000008a500000, 0x000000008a500000|100%| O|  |TAMS 0x000000008a500000, 0x000000008a500000| Untracked 
|  67|0x000000008a500000, 0x000000008a600000, 0x000000008a600000|100%| O|  |TAMS 0x000000008a600000, 0x000000008a600000| Untracked 
|  68|0x000000008a600000, 0x000000008a700000, 0x000000008a700000|100%| O|  |TAMS 0x000000008a700000, 0x000000008a700000| Untracked 
|  69|0x000000008a700000, 0x000000008a800000, 0x000000008a800000|100%| O|  |TAMS 0x000000008a800000, 0x000000008a800000| Untracked 
|  70|0x000000008a800000, 0x000000008a900000, 0x000000008a900000|100%| O|  |TAMS 0x000000008a900000, 0x000000008a900000| Untracked 
|  71|0x000000008a900000, 0x000000008aa00000, 0x000000008aa00000|100%| O|  |TAMS 0x000000008aa00000, 0x000000008aa00000| Untracked 
|  72|0x000000008aa00000, 0x000000008ab00000, 0x000000008ab00000|100%| O|  |TAMS 0x000000008aa00000, 0x000000008ab00000| Untracked 
|  73|0x000000008ab00000, 0x000000008ac00000, 0x000000008ac00000|100%| O|  |TAMS 0x000000008ab00000, 0x000000008ac00000| Untracked 
|  74|0x000000008ac00000, 0x000000008ad00000, 0x000000008ad00000|100%| O|  |TAMS 0x000000008ac00000, 0x000000008ad00000| Untracked 
|  75|0x000000008ad00000, 0x000000008ae00000, 0x000000008ae00000|100%| O|  |TAMS 0x000000008ad00000, 0x000000008ae00000| Untracked 
|  76|0x000000008ae00000, 0x000000008af00000, 0x000000008af00000|100%| O|  |TAMS 0x000000008ae00000, 0x000000008af00000| Untracked 
|  77|0x000000008af00000, 0x000000008b000000, 0x000000008b000000|100%| O|  |TAMS 0x000000008af00000, 0x000000008b000000| Untracked 
|  78|0x000000008b000000, 0x000000008b100000, 0x000000008b100000|100%| O|  |TAMS 0x000000008b000000, 0x000000008b100000| Untracked 
|  79|0x000000008b100000, 0x000000008b200000, 0x000000008b200000|100%| O|  |TAMS 0x000000008b100000, 0x000000008b200000| Untracked 
|  80|0x000000008b200000, 0x000000008b300000, 0x000000008b300000|100%| O|  |TAMS 0x000000008b200000, 0x000000008b300000| Untracked 
|  81|0x000000008b300000, 0x000000008b400000, 0x000000008b400000|100%| O|  |TAMS 0x000000008b300000, 0x000000008b400000| Untracked 
|  82|0x000000008b400000, 0x000000008b500000, 0x000000008b500000|100%|HS|  |TAMS 0x000000008b400000, 0x000000008b500000| Complete 
|  83|0x000000008b500000, 0x000000008b600000, 0x000000008b600000|100%|HC|  |TAMS 0x000000008b500000, 0x000000008b600000| Complete 
|  84|0x000000008b600000, 0x000000008b700000, 0x000000008b700000|100%| O|  |TAMS 0x000000008b700000, 0x000000008b700000| Untracked 
|  85|0x000000008b700000, 0x000000008b800000, 0x000000008b800000|100%| O|  |TAMS 0x000000008b800000, 0x000000008b800000| Untracked 
|  86|0x000000008b800000, 0x000000008b900000, 0x000000008b900000|100%| O|  |TAMS 0x000000008b900000, 0x000000008b900000| Untracked 
|  87|0x000000008b900000, 0x000000008ba00000, 0x000000008ba00000|100%| O|  |TAMS 0x000000008ba00000, 0x000000008ba00000| Untracked 
|  88|0x000000008ba00000, 0x000000008bb00000, 0x000000008bb00000|100%| O|  |TAMS 0x000000008bb00000, 0x000000008bb00000| Untracked 
|  89|0x000000008bb00000, 0x000000008bc00000, 0x000000008bc00000|100%| O|  |TAMS 0x000000008bc00000, 0x000000008bc00000| Untracked 
|  90|0x000000008bc00000, 0x000000008bd00000, 0x000000008bd00000|100%| O|  |TAMS 0x000000008bd00000, 0x000000008bd00000| Untracked 
|  91|0x000000008bd00000, 0x000000008be00000, 0x000000008be00000|100%| O|  |TAMS 0x000000008be00000, 0x000000008be00000| Untracked 
|  92|0x000000008be00000, 0x000000008bf00000, 0x000000008bf00000|100%| O|  |TAMS 0x000000008bf00000, 0x000000008bf00000| Untracked 
|  93|0x000000008bf00000, 0x000000008c000000, 0x000000008c000000|100%| O|  |TAMS 0x000000008c000000, 0x000000008c000000| Untracked 
|  94|0x000000008c000000, 0x000000008c100000, 0x000000008c100000|100%| O|  |TAMS 0x000000008c100000, 0x000000008c100000| Untracked 
|  95|0x000000008c100000, 0x000000008c200000, 0x000000008c200000|100%| O|  |TAMS 0x000000008c200000, 0x000000008c200000| Untracked 
|  96|0x000000008c200000, 0x000000008c300000, 0x000000008c300000|100%| O|  |TAMS 0x000000008c280000, 0x000000008c300000| Untracked 
|  97|0x000000008c300000, 0x000000008c400000, 0x000000008c400000|100%|HS|  |TAMS 0x000000008c300000, 0x000000008c400000| Complete 
|  98|0x000000008c400000, 0x000000008c500000, 0x000000008c500000|100%| O|  |TAMS 0x000000008c400000, 0x000000008c500000| Untracked 
|  99|0x000000008c500000, 0x000000008c600000, 0x000000008c600000|100%| O|  |TAMS 0x000000008c500000, 0x000000008c600000| Untracked 
| 100|0x000000008c600000, 0x000000008c700000, 0x000000008c700000|100%| O|  |TAMS 0x000000008c600000, 0x000000008c700000| Untracked 
| 101|0x000000008c700000, 0x000000008c800000, 0x000000008c800000|100%| O|  |TAMS 0x000000008c700000, 0x000000008c800000| Untracked 
| 102|0x000000008c800000, 0x000000008c900000, 0x000000008c900000|100%| O|  |TAMS 0x000000008c800000, 0x000000008c900000| Untracked 
| 103|0x000000008c900000, 0x000000008ca00000, 0x000000008ca00000|100%| O|  |TAMS 0x000000008c900000, 0x000000008ca00000| Untracked 
| 104|0x000000008ca00000, 0x000000008cb00000, 0x000000008cb00000|100%| O|  |TAMS 0x000000008ca00000, 0x000000008cb00000| Untracked 
| 105|0x000000008cb00000, 0x000000008cc00000, 0x000000008cc00000|100%| O|  |TAMS 0x000000008cb00000, 0x000000008cc00000| Untracked 
| 106|0x000000008cc00000, 0x000000008cd00000, 0x000000008cd00000|100%| O|  |TAMS 0x000000008cc00000, 0x000000008cd00000| Untracked 
| 107|0x000000008cd00000, 0x000000008ce00000, 0x000000008ce00000|100%| O|  |TAMS 0x000000008cd00000, 0x000000008ce00000| Untracked 
| 108|0x000000008ce00000, 0x000000008cf00000, 0x000000008cf00000|100%| O|  |TAMS 0x000000008ce00000, 0x000000008cf00000| Untracked 
| 109|0x000000008cf00000, 0x000000008d000000, 0x000000008d000000|100%| O|  |TAMS 0x000000008cf00000, 0x000000008d000000| Untracked 
| 110|0x000000008d000000, 0x000000008d100000, 0x000000008d100000|100%| O|  |TAMS 0x000000008d000000, 0x000000008d100000| Untracked 
| 111|0x000000008d100000, 0x000000008d200000, 0x000000008d200000|100%| O|  |TAMS 0x000000008d100000, 0x000000008d1eae00| Untracked 
| 112|0x000000008d200000, 0x000000008d300000, 0x000000008d300000|100%| O|  |TAMS 0x000000008d200000, 0x000000008d200000| Untracked 
| 113|0x000000008d300000, 0x000000008d400000, 0x000000008d400000|100%| O|  |TAMS 0x000000008d300000, 0x000000008d300000| Untracked 
| 114|0x000000008d400000, 0x000000008d500000, 0x000000008d500000|100%| O|  |TAMS 0x000000008d400000, 0x000000008d400000| Untracked 
| 115|0x000000008d500000, 0x000000008d600000, 0x000000008d600000|100%| O|  |TAMS 0x000000008d500000, 0x000000008d500000| Untracked 
| 116|0x000000008d600000, 0x000000008d700000, 0x000000008d700000|100%| O|  |TAMS 0x000000008d600000, 0x000000008d600000| Untracked 
| 117|0x000000008d700000, 0x000000008d800000, 0x000000008d800000|100%| O|  |TAMS 0x000000008d700000, 0x000000008d700000| Untracked 
| 118|0x000000008d800000, 0x000000008d900000, 0x000000008d900000|100%| O|  |TAMS 0x000000008d800000, 0x000000008d800000| Untracked 
| 119|0x000000008d900000, 0x000000008d9d6000, 0x000000008da00000| 83%| O|  |TAMS 0x000000008d900000, 0x000000008d900000| Untracked 
| 120|0x000000008da00000, 0x000000008da00000, 0x000000008db00000|  0%| F|  |TAMS 0x000000008da00000, 0x000000008da00000| Untracked 
| 121|0x000000008db00000, 0x000000008db00000, 0x000000008dc00000|  0%| F|  |TAMS 0x000000008db00000, 0x000000008db00000| Untracked 
| 122|0x000000008dc00000, 0x000000008dc00000, 0x000000008dd00000|  0%| F|  |TAMS 0x000000008dc00000, 0x000000008dc00000| Untracked 
| 123|0x000000008dd00000, 0x000000008dd00000, 0x000000008de00000|  0%| F|  |TAMS 0x000000008dd00000, 0x000000008dd00000| Untracked 
| 124|0x000000008de00000, 0x000000008de00000, 0x000000008df00000|  0%| F|  |TAMS 0x000000008de00000, 0x000000008de00000| Untracked 
| 125|0x000000008df00000, 0x000000008df00000, 0x000000008e000000|  0%| F|  |TAMS 0x000000008df00000, 0x000000008df00000| Untracked 
| 126|0x000000008e000000, 0x000000008e000000, 0x000000008e100000|  0%| F|  |TAMS 0x000000008e000000, 0x000000008e000000| Untracked 
| 127|0x000000008e100000, 0x000000008e100000, 0x000000008e200000|  0%| F|  |TAMS 0x000000008e100000, 0x000000008e100000| Untracked 
| 128|0x000000008e200000, 0x000000008e200000, 0x000000008e300000|  0%| F|  |TAMS 0x000000008e200000, 0x000000008e200000| Untracked 
| 129|0x000000008e300000, 0x000000008e300000, 0x000000008e400000|  0%| F|  |TAMS 0x000000008e300000, 0x000000008e300000| Untracked 
| 130|0x000000008e400000, 0x000000008e400000, 0x000000008e500000|  0%| F|  |TAMS 0x000000008e400000, 0x000000008e400000| Untracked 
| 131|0x000000008e500000, 0x000000008e500000, 0x000000008e600000|  0%| F|  |TAMS 0x000000008e500000, 0x000000008e500000| Untracked 
| 132|0x000000008e600000, 0x000000008e600000, 0x000000008e700000|  0%| F|  |TAMS 0x000000008e600000, 0x000000008e600000| Untracked 
| 133|0x000000008e700000, 0x000000008e700000, 0x000000008e800000|  0%| F|  |TAMS 0x000000008e700000, 0x000000008e700000| Untracked 
| 134|0x000000008e800000, 0x000000008e800000, 0x000000008e900000|  0%| F|  |TAMS 0x000000008e800000, 0x000000008e800000| Untracked 
| 135|0x000000008e900000, 0x000000008e900000, 0x000000008ea00000|  0%| F|  |TAMS 0x000000008e900000, 0x000000008e900000| Untracked 
| 136|0x000000008ea00000, 0x000000008ea00000, 0x000000008eb00000|  0%| F|  |TAMS 0x000000008ea00000, 0x000000008ea00000| Untracked 
| 137|0x000000008eb00000, 0x000000008eb00000, 0x000000008ec00000|  0%| F|  |TAMS 0x000000008eb00000, 0x000000008eb00000| Untracked 
| 138|0x000000008ec00000, 0x000000008ec00000, 0x000000008ed00000|  0%| F|  |TAMS 0x000000008ec00000, 0x000000008ec00000| Untracked 
| 139|0x000000008ed00000, 0x000000008ed00000, 0x000000008ee00000|  0%| F|  |TAMS 0x000000008ed00000, 0x000000008ed00000| Untracked 
| 140|0x000000008ee00000, 0x000000008ee00000, 0x000000008ef00000|  0%| F|  |TAMS 0x000000008ee00000, 0x000000008ee00000| Untracked 
| 141|0x000000008ef00000, 0x000000008ef00000, 0x000000008f000000|  0%| F|  |TAMS 0x000000008ef00000, 0x000000008ef00000| Untracked 
| 142|0x000000008f000000, 0x000000008f000000, 0x000000008f100000|  0%| F|  |TAMS 0x000000008f000000, 0x000000008f000000| Untracked 
| 143|0x000000008f100000, 0x000000008f100000, 0x000000008f200000|  0%| F|  |TAMS 0x000000008f100000, 0x000000008f100000| Untracked 
| 144|0x000000008f200000, 0x000000008f200000, 0x000000008f300000|  0%| F|  |TAMS 0x000000008f200000, 0x000000008f200000| Untracked 
| 145|0x000000008f300000, 0x000000008f300000, 0x000000008f400000|  0%| F|  |TAMS 0x000000008f300000, 0x000000008f300000| Untracked 
| 146|0x000000008f400000, 0x000000008f400000, 0x000000008f500000|  0%| F|  |TAMS 0x000000008f400000, 0x000000008f400000| Untracked 
| 147|0x000000008f500000, 0x000000008f500000, 0x000000008f600000|  0%| F|  |TAMS 0x000000008f500000, 0x000000008f500000| Untracked 
| 148|0x000000008f600000, 0x000000008f600000, 0x000000008f700000|  0%| F|  |TAMS 0x000000008f600000, 0x000000008f600000| Untracked 
| 149|0x000000008f700000, 0x000000008f700000, 0x000000008f800000|  0%| F|  |TAMS 0x000000008f700000, 0x000000008f700000| Untracked 
| 150|0x000000008f800000, 0x000000008f800000, 0x000000008f900000|  0%| F|  |TAMS 0x000000008f800000, 0x000000008f800000| Untracked 
| 151|0x000000008f900000, 0x000000008f900000, 0x000000008fa00000|  0%| F|  |TAMS 0x000000008f900000, 0x000000008f900000| Untracked 
| 152|0x000000008fa00000, 0x000000008fa00000, 0x000000008fb00000|  0%| F|  |TAMS 0x000000008fa00000, 0x000000008fa00000| Untracked 
| 153|0x000000008fb00000, 0x000000008fb00000, 0x000000008fc00000|  0%| F|  |TAMS 0x000000008fb00000, 0x000000008fb00000| Untracked 
| 154|0x000000008fc00000, 0x000000008fc00000, 0x000000008fd00000|  0%| F|  |TAMS 0x000000008fc00000, 0x000000008fc00000| Untracked 
| 155|0x000000008fd00000, 0x000000008fd00000, 0x000000008fe00000|  0%| F|  |TAMS 0x000000008fd00000, 0x000000008fd00000| Untracked 
| 156|0x000000008fe00000, 0x000000008fe00000, 0x000000008ff00000|  0%| F|  |TAMS 0x000000008fe00000, 0x000000008fe00000| Untracked 
| 157|0x000000008ff00000, 0x000000008ff00000, 0x0000000090000000|  0%| F|  |TAMS 0x000000008ff00000, 0x000000008ff00000| Untracked 
| 158|0x0000000090000000, 0x0000000090000000, 0x0000000090100000|  0%| F|  |TAMS 0x0000000090000000, 0x0000000090000000| Untracked 
| 159|0x0000000090100000, 0x0000000090100000, 0x0000000090200000|  0%| F|  |TAMS 0x0000000090100000, 0x0000000090100000| Untracked 
| 160|0x0000000090200000, 0x0000000090200000, 0x0000000090300000|  0%| F|  |TAMS 0x0000000090200000, 0x0000000090200000| Untracked 
| 161|0x0000000090300000, 0x0000000090300000, 0x0000000090400000|  0%| F|  |TAMS 0x0000000090300000, 0x0000000090300000| Untracked 
| 162|0x0000000090400000, 0x0000000090400000, 0x0000000090500000|  0%| F|  |TAMS 0x0000000090400000, 0x0000000090400000| Untracked 
| 163|0x0000000090500000, 0x0000000090500000, 0x0000000090600000|  0%| F|  |TAMS 0x0000000090500000, 0x0000000090500000| Untracked 
| 164|0x0000000090600000, 0x0000000090600000, 0x0000000090700000|  0%| F|  |TAMS 0x0000000090600000, 0x0000000090600000| Untracked 
| 165|0x0000000090700000, 0x0000000090700000, 0x0000000090800000|  0%| F|  |TAMS 0x0000000090700000, 0x0000000090700000| Untracked 
| 166|0x0000000090800000, 0x0000000090800000, 0x0000000090900000|  0%| F|  |TAMS 0x0000000090800000, 0x0000000090800000| Untracked 
| 167|0x0000000090900000, 0x0000000090900000, 0x0000000090a00000|  0%| F|  |TAMS 0x0000000090900000, 0x0000000090900000| Untracked 
| 168|0x0000000090a00000, 0x0000000090a00000, 0x0000000090b00000|  0%| F|  |TAMS 0x0000000090a00000, 0x0000000090a00000| Untracked 
| 169|0x0000000090b00000, 0x0000000090b00000, 0x0000000090c00000|  0%| F|  |TAMS 0x0000000090b00000, 0x0000000090b00000| Untracked 
| 170|0x0000000090c00000, 0x0000000090c00000, 0x0000000090d00000|  0%| F|  |TAMS 0x0000000090c00000, 0x0000000090c00000| Untracked 
| 171|0x0000000090d00000, 0x0000000090d00000, 0x0000000090e00000|  0%| F|  |TAMS 0x0000000090d00000, 0x0000000090d00000| Untracked 
| 172|0x0000000090e00000, 0x0000000090e00000, 0x0000000090f00000|  0%| F|  |TAMS 0x0000000090e00000, 0x0000000090e00000| Untracked 
| 173|0x0000000090f00000, 0x0000000090f00000, 0x0000000091000000|  0%| F|  |TAMS 0x0000000090f00000, 0x0000000090f00000| Untracked 
| 174|0x0000000091000000, 0x0000000091000000, 0x0000000091100000|  0%| F|  |TAMS 0x0000000091000000, 0x0000000091000000| Untracked 
| 175|0x0000000091100000, 0x0000000091100000, 0x0000000091200000|  0%| F|  |TAMS 0x0000000091100000, 0x0000000091100000| Untracked 
| 176|0x0000000091200000, 0x0000000091200000, 0x0000000091300000|  0%| F|  |TAMS 0x0000000091200000, 0x0000000091200000| Untracked 
| 177|0x0000000091300000, 0x0000000091300000, 0x0000000091400000|  0%| F|  |TAMS 0x0000000091300000, 0x0000000091300000| Untracked 
| 178|0x0000000091400000, 0x0000000091400000, 0x0000000091500000|  0%| F|  |TAMS 0x0000000091400000, 0x0000000091400000| Untracked 
| 179|0x0000000091500000, 0x0000000091500000, 0x0000000091600000|  0%| F|  |TAMS 0x0000000091500000, 0x0000000091500000| Untracked 
| 180|0x0000000091600000, 0x0000000091600000, 0x0000000091700000|  0%| F|  |TAMS 0x0000000091600000, 0x0000000091600000| Untracked 
| 181|0x0000000091700000, 0x0000000091700000, 0x0000000091800000|  0%| F|  |TAMS 0x0000000091700000, 0x0000000091700000| Untracked 
| 182|0x0000000091800000, 0x0000000091800000, 0x0000000091900000|  0%| F|  |TAMS 0x0000000091800000, 0x0000000091800000| Untracked 
| 183|0x0000000091900000, 0x0000000091900000, 0x0000000091a00000|  0%| F|  |TAMS 0x0000000091900000, 0x0000000091900000| Untracked 
| 184|0x0000000091a00000, 0x0000000091a00000, 0x0000000091b00000|  0%| F|  |TAMS 0x0000000091a00000, 0x0000000091a00000| Untracked 
| 185|0x0000000091b00000, 0x0000000091b00000, 0x0000000091c00000|  0%| F|  |TAMS 0x0000000091b00000, 0x0000000091b00000| Untracked 
| 186|0x0000000091c00000, 0x0000000091c00000, 0x0000000091d00000|  0%| F|  |TAMS 0x0000000091c00000, 0x0000000091c00000| Untracked 
| 187|0x0000000091d00000, 0x0000000091d00000, 0x0000000091e00000|  0%| F|  |TAMS 0x0000000091d00000, 0x0000000091d00000| Untracked 
| 188|0x0000000091e00000, 0x0000000091e00000, 0x0000000091f00000|  0%| F|  |TAMS 0x0000000091e00000, 0x0000000091e00000| Untracked 
| 189|0x0000000091f00000, 0x0000000091f00000, 0x0000000092000000|  0%| F|  |TAMS 0x0000000091f00000, 0x0000000091f00000| Untracked 
| 190|0x0000000092000000, 0x0000000092000000, 0x0000000092100000|  0%| F|  |TAMS 0x0000000092000000, 0x0000000092000000| Untracked 
| 191|0x0000000092100000, 0x0000000092100000, 0x0000000092200000|  0%| F|  |TAMS 0x0000000092100000, 0x0000000092100000| Untracked 
| 192|0x0000000092200000, 0x0000000092200000, 0x0000000092300000|  0%| F|  |TAMS 0x0000000092200000, 0x0000000092200000| Untracked 
| 193|0x0000000092300000, 0x0000000092300000, 0x0000000092400000|  0%| F|  |TAMS 0x0000000092300000, 0x0000000092300000| Untracked 
| 194|0x0000000092400000, 0x0000000092400000, 0x0000000092500000|  0%| F|  |TAMS 0x0000000092400000, 0x0000000092400000| Untracked 
| 195|0x0000000092500000, 0x0000000092500000, 0x0000000092600000|  0%| F|  |TAMS 0x0000000092500000, 0x0000000092500000| Untracked 
| 196|0x0000000092600000, 0x0000000092600000, 0x0000000092700000|  0%| F|  |TAMS 0x0000000092600000, 0x0000000092600000| Untracked 
| 197|0x0000000092700000, 0x0000000092700000, 0x0000000092800000|  0%| F|  |TAMS 0x0000000092700000, 0x0000000092700000| Untracked 
| 198|0x0000000092800000, 0x0000000092800000, 0x0000000092900000|  0%| F|  |TAMS 0x0000000092800000, 0x0000000092800000| Untracked 
| 199|0x0000000092900000, 0x0000000092900000, 0x0000000092a00000|  0%| F|  |TAMS 0x0000000092900000, 0x0000000092900000| Untracked 
| 200|0x0000000092a00000, 0x0000000092a00000, 0x0000000092b00000|  0%| F|  |TAMS 0x0000000092a00000, 0x0000000092a00000| Untracked 
| 201|0x0000000092b00000, 0x0000000092b00000, 0x0000000092c00000|  0%| F|  |TAMS 0x0000000092b00000, 0x0000000092b00000| Untracked 
| 202|0x0000000092c00000, 0x0000000092c00000, 0x0000000092d00000|  0%| F|  |TAMS 0x0000000092c00000, 0x0000000092c00000| Untracked 
| 203|0x0000000092d00000, 0x0000000092d00000, 0x0000000092e00000|  0%| F|  |TAMS 0x0000000092d00000, 0x0000000092d00000| Untracked 
| 204|0x0000000092e00000, 0x0000000092e00000, 0x0000000092f00000|  0%| F|  |TAMS 0x0000000092e00000, 0x0000000092e00000| Untracked 
| 205|0x0000000092f00000, 0x0000000092f00000, 0x0000000093000000|  0%| F|  |TAMS 0x0000000092f00000, 0x0000000092f00000| Untracked 
| 206|0x0000000093000000, 0x0000000093000000, 0x0000000093100000|  0%| F|  |TAMS 0x0000000093000000, 0x0000000093000000| Untracked 
| 207|0x0000000093100000, 0x0000000093100000, 0x0000000093200000|  0%| F|  |TAMS 0x0000000093100000, 0x0000000093100000| Untracked 
| 208|0x0000000093200000, 0x0000000093200000, 0x0000000093300000|  0%| F|  |TAMS 0x0000000093200000, 0x0000000093200000| Untracked 
| 209|0x0000000093300000, 0x0000000093300000, 0x0000000093400000|  0%| F|  |TAMS 0x0000000093300000, 0x0000000093300000| Untracked 
| 210|0x0000000093400000, 0x0000000093400000, 0x0000000093500000|  0%| F|  |TAMS 0x0000000093400000, 0x0000000093400000| Untracked 
| 211|0x0000000093500000, 0x0000000093500000, 0x0000000093600000|  0%| F|  |TAMS 0x0000000093500000, 0x0000000093500000| Untracked 
| 212|0x0000000093600000, 0x0000000093600000, 0x0000000093700000|  0%| F|  |TAMS 0x0000000093600000, 0x0000000093600000| Untracked 
| 213|0x0000000093700000, 0x0000000093700000, 0x0000000093800000|  0%| F|  |TAMS 0x0000000093700000, 0x0000000093700000| Untracked 
| 214|0x0000000093800000, 0x0000000093800000, 0x0000000093900000|  0%| F|  |TAMS 0x0000000093800000, 0x0000000093800000| Untracked 
| 215|0x0000000093900000, 0x0000000093900000, 0x0000000093a00000|  0%| F|  |TAMS 0x0000000093900000, 0x0000000093900000| Untracked 
| 216|0x0000000093a00000, 0x0000000093a00000, 0x0000000093b00000|  0%| F|  |TAMS 0x0000000093a00000, 0x0000000093a00000| Untracked 
| 217|0x0000000093b00000, 0x0000000093b00000, 0x0000000093c00000|  0%| F|  |TAMS 0x0000000093b00000, 0x0000000093b00000| Untracked 
| 218|0x0000000093c00000, 0x0000000093c00000, 0x0000000093d00000|  0%| F|  |TAMS 0x0000000093c00000, 0x0000000093c00000| Untracked 
| 219|0x0000000093d00000, 0x0000000093d00000, 0x0000000093e00000|  0%| F|  |TAMS 0x0000000093d00000, 0x0000000093d00000| Untracked 
| 220|0x0000000093e00000, 0x0000000093e00000, 0x0000000093f00000|  0%| F|  |TAMS 0x0000000093e00000, 0x0000000093e00000| Untracked 
| 221|0x0000000093f00000, 0x0000000093f00000, 0x0000000094000000|  0%| F|  |TAMS 0x0000000093f00000, 0x0000000093f00000| Untracked 
| 222|0x0000000094000000, 0x0000000094000000, 0x0000000094100000|  0%| F|  |TAMS 0x0000000094000000, 0x0000000094000000| Untracked 
| 223|0x0000000094100000, 0x0000000094100000, 0x0000000094200000|  0%| F|  |TAMS 0x0000000094100000, 0x0000000094100000| Untracked 
| 224|0x0000000094200000, 0x0000000094200000, 0x0000000094300000|  0%| F|  |TAMS 0x0000000094200000, 0x0000000094200000| Untracked 
| 225|0x0000000094300000, 0x0000000094300000, 0x0000000094400000|  0%| F|  |TAMS 0x0000000094300000, 0x0000000094300000| Untracked 
| 226|0x0000000094400000, 0x0000000094400000, 0x0000000094500000|  0%| F|  |TAMS 0x0000000094400000, 0x0000000094400000| Untracked 
| 227|0x0000000094500000, 0x0000000094500000, 0x0000000094600000|  0%| F|  |TAMS 0x0000000094500000, 0x0000000094500000| Untracked 
| 228|0x0000000094600000, 0x0000000094600000, 0x0000000094700000|  0%| F|  |TAMS 0x0000000094600000, 0x0000000094600000| Untracked 
| 229|0x0000000094700000, 0x0000000094700000, 0x0000000094800000|  0%| F|  |TAMS 0x0000000094700000, 0x0000000094700000| Untracked 
| 230|0x0000000094800000, 0x0000000094800000, 0x0000000094900000|  0%| F|  |TAMS 0x0000000094800000, 0x0000000094800000| Untracked 
| 231|0x0000000094900000, 0x0000000094900000, 0x0000000094a00000|  0%| F|  |TAMS 0x0000000094900000, 0x0000000094900000| Untracked 
| 232|0x0000000094a00000, 0x0000000094a00000, 0x0000000094b00000|  0%| F|  |TAMS 0x0000000094a00000, 0x0000000094a00000| Untracked 
| 233|0x0000000094b00000, 0x0000000094b00000, 0x0000000094c00000|  0%| F|  |TAMS 0x0000000094b00000, 0x0000000094b00000| Untracked 
| 234|0x0000000094c00000, 0x0000000094c00000, 0x0000000094d00000|  0%| F|  |TAMS 0x0000000094c00000, 0x0000000094c00000| Untracked 
| 235|0x0000000094d00000, 0x0000000094e00000, 0x0000000094e00000|100%| S|CS|TAMS 0x0000000094d00000, 0x0000000094d00000| Complete 
| 236|0x0000000094e00000, 0x0000000094f00000, 0x0000000094f00000|100%| S|CS|TAMS 0x0000000094e00000, 0x0000000094e00000| Complete 
| 237|0x0000000094f00000, 0x0000000094f00000, 0x0000000095000000|  0%| F|  |TAMS 0x0000000094f00000, 0x0000000094f00000| Untracked 
| 238|0x0000000095000000, 0x0000000095000000, 0x0000000095100000|  0%| F|  |TAMS 0x0000000095000000, 0x0000000095000000| Untracked 
| 239|0x0000000095100000, 0x0000000095100000, 0x0000000095200000|  0%| F|  |TAMS 0x0000000095100000, 0x0000000095100000| Untracked 
| 240|0x0000000095200000, 0x0000000095200000, 0x0000000095300000|  0%| F|  |TAMS 0x0000000095200000, 0x0000000095200000| Untracked 
| 241|0x0000000095300000, 0x0000000095300000, 0x0000000095400000|  0%| F|  |TAMS 0x0000000095300000, 0x0000000095300000| Untracked 
| 242|0x0000000095400000, 0x0000000095400000, 0x0000000095500000|  0%| F|  |TAMS 0x0000000095400000, 0x0000000095400000| Untracked 
| 243|0x0000000095500000, 0x0000000095500000, 0x0000000095600000|  0%| F|  |TAMS 0x0000000095500000, 0x0000000095500000| Untracked 
| 244|0x0000000095600000, 0x0000000095600000, 0x0000000095700000|  0%| F|  |TAMS 0x0000000095600000, 0x0000000095600000| Untracked 
| 245|0x0000000095700000, 0x0000000095700000, 0x0000000095800000|  0%| F|  |TAMS 0x0000000095700000, 0x0000000095700000| Untracked 
| 246|0x0000000095800000, 0x0000000095800000, 0x0000000095900000|  0%| F|  |TAMS 0x0000000095800000, 0x0000000095800000| Untracked 
|1948|0x00000000ffe00000, 0x00000000ffe48000, 0x00000000fff00000| 28%|OA|  |TAMS 0x00000000ffe48000, 0x00000000ffe48000| Untracked 
|1949|0x00000000fff00000, 0x00000000fff7a000, 0x0000000100000000| 47%|CA|  |TAMS 0x00000000fff7a000, 0x00000000fff7a000| Untracked 

Card table byte_map: [0x00007f2ea618a000,0x00007f2ea6559000] _byte_map_base: 0x00007f2ea5d59000

Marking Bits (Prev, Next): (CMBitMap*) 0x00007f2ea006fc38, (CMBitMap*) 0x00007f2ea006fc78
 Prev Bits: [0x00007f2e86bf4000, 0x00007f2e88a6c000)
 Next Bits: [0x00007f2e84d7c000, 0x00007f2e86bf4000)

Polling page: 0x00007f2ea9b6a000

Metaspace:

Usage:
  Non-class:     51,13 MB capacity,    50,21 MB ( 98%) used,   767,36 KB (  1%) free+waste,   176,12 KB ( <1%) overhead. 
      Class:      8,61 MB capacity,     8,08 MB ( 94%) used,   449,83 KB (  5%) free+waste,    84,31 KB ( <1%) overhead. 
       Both:     59,74 MB capacity,    58,30 MB ( 98%) used,     1,19 MB (  2%) free+waste,   260,44 KB ( <1%) overhead. 

Virtual space:
  Non-class space:       52,00 MB reserved,      51,42 MB ( 99%) committed 
      Class space:        1,00 GB reserved,       8,61 MB ( <1%) committed 
             Both:        1,05 GB reserved,      60,03 MB (  6%) committed 

Chunk freelists:
   Non-Class:  52,00 KB
       Class:  0 bytes
        Both:  52,00 KB

MaxMetaspaceSize: unlimited
CompressedClassSpaceSize: 1,00 GB

CodeHeap 'non-profiled nmethods': size=238948Kb used=12594Kb max_used=12594Kb free=226353Kb
 bounds [0x00007f2e89113000, 0x00007f2e89d63000, 0x00007f2e97a6c000]
CodeHeap 'non-nmethods': size=6812Kb used=1321Kb max_used=1321Kb free=5490Kb
 bounds [0x00007f2e88a6c000, 0x00007f2e88cdc000, 0x00007f2e89113000]
 total_blobs=8019 nmethods=7371 adapters=529
 compilation: enabled
              stopped_count=0, restarted_count=0
 full_count=0

Compilation events (20 events):
Event: 67,720 Thread 0x00007f2ea013f800 nmethod 7433 0x00007f2e89d59710 code [0x00007f2e89d59920, 0x00007f2e89d59da8]
Event: 67,743 Thread 0x00007f2ea013f800 7434   !   1       org.postgresql.jdbc.PgResultSet::toFloat (48 bytes)
Event: 67,789 Thread 0x00007f2ea013f800 nmethod 7434 0x00007f2e89d5a190 code [0x00007f2e89d5a3a0, 0x00007f2e89d5a9d8]
Event: 67,789 Thread 0x00007f2ea013f800 7439       1       org.hibernate.metamodel.model.convert.internal.NamedEnumValueConverter::readValue (16 bytes)
Event: 67,790 Thread 0x00007f2ea013f800 nmethod 7439 0x00007f2e89d5ad10 code [0x00007f2e89d5aec0, 0x00007f2e89d5b0a8]
Event: 67,790 Thread 0x00007f2ea013f800 7441       1       jdk.internal.math.FDBigInteger::big5pow (37 bytes)
Event: 67,790 Thread 0x00007f2ea013f800 nmethod 7441 0x00007f2e89d5b190 code [0x00007f2e89d5b340, 0x00007f2e89d5b4a8]
Event: 67,790 Thread 0x00007f2ea013f800 7443       1       jdk.internal.math.FDBigInteger::valueOfMulPow52 (449 bytes)
Event: 67,802 Thread 0x00007f2ea013f800 nmethod 7443 0x00007f2e89d5b590 code [0x00007f2e89d5b800, 0x00007f2e89d5c6b8]
Event: 67,802 Thread 0x00007f2ea013f800 7444       1       jdk.internal.math.FDBigInteger::cmpPow52 (122 bytes)
Event: 67,802 Thread 0x00007f2ea013f800 nmethod 7444 0x00007f2e89d5cc10 code [0x00007f2e89d5cde0, 0x00007f2e89d5d0c8]
Event: 67,802 Thread 0x00007f2ea013f800 7447       1       jdk.internal.math.FDBigInteger::multByPow52 (154 bytes)
Event: 67,803 Thread 0x00007f2ea013f800 nmethod 7447 0x00007f2e89d5d290 code [0x00007f2e89d5d480, 0x00007f2e89d5da78]
Event: 67,804 Thread 0x00007f2ea013f800 7448       1       java.lang.Math::max (46 bytes)
Event: 67,808 Thread 0x00007f2ea013f800 nmethod 7448 0x00007f2e89d5dd10 code [0x00007f2e89d5dea0, 0x00007f2e89d5e050]
Event: 67,869 Thread 0x00007f2ea013f800 7452 %     1       java.util.IdentityHashMap::resize @ 58 (153 bytes)
Event: 67,901 Thread 0x00007f2ea013f800 nmethod 7452% 0x00007f2e89d5e090 code [0x00007f2e89d5e280, 0x00007f2e89d5eab8]
Event: 69,177 Thread 0x00007f2ea013f800 7453       1       java.util.IdentityHashMap::resize (153 bytes)
Event: 69,288 Thread 0x00007f2ea013f800 nmethod 7453 0x00007f2e89d5ee10 code [0x00007f2e89d5f000, 0x00007f2e89d5f718]
Event: 69,578 Thread 0x00007f2ea013f800 7454 %     1       org.hibernate.loader.Loader::processResultSet @ 120 (258 bytes)

GC Heap History (20 events):
Event: 29,714 GC heap after
{Heap after GC invocations=22 (full 0):
 garbage-first heap   total 152576K, used 34916K [0x0000000086200000, 0x0000000100000000)
  region size 1024K, 2 young (2048K), 2 survivors (2048K)
 Metaspace       used 59535K, capacity 60978K, committed 61212K, reserved 1101824K
  class space    used 8264K, capacity 8799K, committed 8812K, reserved 1048576K
}
Event: 34,618 GC heap before
{Heap before GC invocations=22 (full 0):
 garbage-first heap   total 152576K, used 107620K [0x0000000086200000, 0x0000000100000000)
  region size 1024K, 73 young (74752K), 2 survivors (2048K)
 Metaspace       used 59575K, capacity 60996K, committed 61212K, reserved 1101824K
  class space    used 8268K, capacity 8802K, committed 8812K, reserved 1048576K
}
Event: 34,689 GC heap after
{Heap after GC invocations=23 (full 0):
 garbage-first heap   total 152576K, used 36595K [0x0000000086200000, 0x0000000100000000)
  region size 1024K, 4 young (4096K), 4 survivors (4096K)
 Metaspace       used 59575K, capacity 60996K, committed 61212K, reserved 1101824K
  class space    used 8268K, capacity 8802K, committed 8812K, reserved 1048576K
}
Event: 37,599 GC heap before
{Heap before GC invocations=23 (full 0):
 garbage-first heap   total 152576K, used 107251K [0x0000000086200000, 0x0000000100000000)
  region size 1024K, 73 young (74752K), 4 survivors (4096K)
 Metaspace       used 59585K, capacity 61011K, committed 61212K, reserved 1101824K
  class space    used 8270K, capacity 8805K, committed 8812K, reserved 1048576K
}
Event: 37,684 GC heap after
{Heap after GC invocations=24 (full 0):
 garbage-first heap   total 185344K, used 35694K [0x0000000086200000, 0x0000000100000000)
  region size 1024K, 3 young (3072K), 3 survivors (3072K)
 Metaspace       used 59585K, capacity 61011K, committed 61212K, reserved 1101824K
  class space    used 8270K, capacity 8805K, committed 8812K, reserved 1048576K
}
Event: 41,703 GC heap before
{Heap before GC invocations=24 (full 0):
 garbage-first heap   total 185344K, used 119662K [0x0000000086200000, 0x0000000100000000)
  region size 1024K, 85 young (87040K), 3 survivors (3072K)
 Metaspace       used 59585K, capacity 61011K, committed 61212K, reserved 1101824K
  class space    used 8270K, capacity 8805K, committed 8812K, reserved 1048576K
}
Event: 41,841 GC heap after
{Heap after GC invocations=25 (full 0):
 garbage-first heap   total 185344K, used 36360K [0x0000000086200000, 0x0000000100000000)
  region size 1024K, 4 young (4096K), 4 survivors (4096K)
 Metaspace       used 59585K, capacity 61011K, committed 61212K, reserved 1101824K
  class space    used 8270K, capacity 8805K, committed 8812K, reserved 1048576K
}
Event: 63,374 GC heap before
{Heap before GC invocations=25 (full 0):
 garbage-first heap   total 185344K, used 130568K [0x0000000086200000, 0x0000000100000000)
  region size 1024K, 95 young (97280K), 4 survivors (4096K)
 Metaspace       used 59652K, capacity 61102K, committed 61212K, reserved 1101824K
  class space    used 8276K, capacity 8811K, committed 8812K, reserved 1048576K
}
Event: 63,998 GC heap after
{Heap after GC invocations=26 (full 0):
 garbage-first heap   total 185344K, used 70958K [0x0000000086200000, 0x0000000100000000)
  region size 1024K, 12 young (12288K), 12 survivors (12288K)
 Metaspace       used 59652K, capacity 61102K, committed 61212K, reserved 1101824K
  class space    used 8276K, capacity 8811K, committed 8812K, reserved 1048576K
}
Event: 68,075 GC heap before
{Heap before GC invocations=26 (full 0):
 garbage-first heap   total 185344K, used 129326K [0x0000000086200000, 0x0000000100000000)
  region size 1024K, 67 young (68608K), 12 survivors (12288K)
 Metaspace       used 59694K, capacity 61172K, committed 61468K, reserved 1101824K
  class space    used 8277K, capacity 8812K, committed 8812K, reserved 1048576K
}
Event: 68,365 GC heap after
{Heap after GC invocations=27 (full 0):
 garbage-first heap   total 185344K, used 95659K [0x0000000086200000, 0x0000000100000000)
  region size 1024K, 9 young (9216K), 9 survivors (9216K)
 Metaspace       used 59694K, capacity 61172K, committed 61468K, reserved 1101824K
  class space    used 8277K, capacity 8812K, committed 8812K, reserved 1048576K
}
Event: 68,905 GC heap before
{Heap before GC invocations=27 (full 0):
 garbage-first heap   total 185344K, used 116139K [0x0000000086200000, 0x0000000100000000)
  region size 1024K, 30 young (30720K), 9 survivors (9216K)
 Metaspace       used 59694K, capacity 61172K, committed 61468K, reserved 1101824K
  class space    used 8277K, capacity 8812K, committed 8812K, reserved 1048576K
}
Event: 69,080 GC heap after
{Heap after GC invocations=28 (full 0):
 garbage-first heap   total 254976K, used 103339K [0x0000000086200000, 0x0000000100000000)
  region size 1024K, 6 young (6144K), 6 survivors (6144K)
 Metaspace       used 59694K, capacity 61172K, committed 61468K, reserved 1101824K
  class space    used 8277K, capacity 8812K, committed 8812K, reserved 1048576K
}
Event: 70,680 GC heap before
{Heap before GC invocations=29 (full 0):
 garbage-first heap   total 254976K, used 127915K [0x0000000086200000, 0x0000000100000000)
  region size 1024K, 29 young (29696K), 6 survivors (6144K)
 Metaspace       used 59694K, capacity 61172K, committed 61468K, reserved 1101824K
  class space    used 8277K, capacity 8812K, committed 8812K, reserved 1048576K
}
Event: 71,877 GC heap after
{Heap after GC invocations=30 (full 0):
 garbage-first heap   total 254976K, used 113067K [0x0000000086200000, 0x0000000100000000)
  region size 1024K, 4 young (4096K), 4 survivors (4096K)
 Metaspace       used 59694K, capacity 61172K, committed 61468K, reserved 1101824K
  class space    used 8277K, capacity 8812K, committed 8812K, reserved 1048576K
}
Event: 72,671 GC heap before
{Heap before GC invocations=30 (full 0):
 garbage-first heap   total 254976K, used 121259K [0x0000000086200000, 0x0000000100000000)
  region size 1024K, 12 young (12288K), 4 survivors (4096K)
 Metaspace       used 59694K, capacity 61172K, committed 61468K, reserved 1101824K
  class space    used 8277K, capacity 8812K, committed 8812K, reserved 1048576K
}
Event: 73,640 GC heap after
{Heap after GC invocations=31 (full 0):
 garbage-first heap   total 254976K, used 116566K [0x0000000086200000, 0x0000000100000000)
  region size 1024K, 2 young (2048K), 2 survivors (2048K)
 Metaspace       used 59694K, capacity 61172K, committed 61468K, reserved 1101824K
  class space    used 8277K, capacity 8812K, committed 8812K, reserved 1048576K
}
Event: 78,331 GC heap before
{Heap before GC invocations=31 (full 0):
 garbage-first heap   total 254976K, used 125782K [0x0000000086200000, 0x0000000100000000)
  region size 1024K, 12 young (12288K), 2 survivors (2048K)
 Metaspace       used 59694K, capacity 61172K, committed 61468K, reserved 1101824K
  class space    used 8277K, capacity 8812K, committed 8812K, reserved 1048576K
}
Event: 79,658 GC heap after
{Heap after GC invocations=32 (full 0):
 garbage-first heap   total 254976K, used 121033K [0x0000000086200000, 0x0000000100000000)
  region size 1024K, 2 young (2048K), 2 survivors (2048K)
 Metaspace       used 59694K, capacity 61172K, committed 61468K, reserved 1101824K
  class space    used 8277K, capacity 8812K, committed 8812K, reserved 1048576K
}
Event: 80,708 GC heap before
{Heap before GC invocations=32 (full 0):
 garbage-first heap   total 254976K, used 131273K [0x0000000086200000, 0x0000000100000000)
  region size 1024K, 12 young (12288K), 2 survivors (2048K)
 Metaspace       used 59694K, capacity 61172K, committed 61468K, reserved 1101824K
  class space    used 8277K, capacity 8812K, committed 8812K, reserved 1048576K
}

Deoptimization events (2 events):
Event: 5,186 Thread 0x00007f2ea001b800 DEOPT PACKING pc=0x00007f2e894244f4 sp=0x00007f2ea9b46240
Event: 5,186 Thread 0x00007f2ea001b800 DEOPT UNPACKING pc=0x00007f2e88ab533a sp=0x00007f2ea9b457c8 mode 0

Classes unloaded (0 events):
No events

Classes redefined (0 events):
No events

Internal exceptions (20 events):
Event: 13,011 Thread 0x00007f2ea001b800 Exception <a 'java/lang/ClassNotFoundException'{0x000000008af14408}: org/springframework/context/ApplicationContextAwareCustomizer> (0x000000008af14408) 
thrown [open/src/hotspot/share/classfile/systemDictionary.cpp, line 232]
Event: 13,012 Thread 0x00007f2ea001b800 Exception <a 'java/lang/ClassNotFoundException'{0x000000008af26368}: org/springframework/beans/factory/AwareCustomizer> (0x000000008af26368) 
thrown [open/src/hotspot/share/classfile/systemDictionary.cpp, line 232]
Event: 13,012 Thread 0x00007f2ea001b800 Exception <a 'java/lang/ClassNotFoundException'{0x000000008af38c90}: org/springframework/web/context/ServletContextAwareCustomizer> (0x000000008af38c90) 
thrown [open/src/hotspot/share/classfile/systemDictionary.cpp, line 232]
Event: 13,013 Thread 0x00007f2ea001b800 Exception <a 'java/lang/ClassNotFoundException'{0x000000008af4a478}: org/springframework/beans/factory/AwareCustomizer> (0x000000008af4a478) 
thrown [open/src/hotspot/share/classfile/systemDictionary.cpp, line 232]
Event: 13,055 Thread 0x00007f2ea001b800 Exception <a 'java/lang/ClassNotFoundException'{0x000000008ae76438}: java/lang/ObjectCustomizer> (0x000000008ae76438) 
thrown [open/src/hotspot/share/classfile/systemDictionary.cpp, line 232]
Event: 13,056 Thread 0x00007f2ea001b800 Exception <a 'java/lang/ClassNotFoundException'{0x000000008ae93e48}: org/springframework/security/config/annotation/authentication/configuration/AuthenticationConfigurationCustomizer> (0x000000008ae93e48) 
thrown [open/src/hotspot/share/classfile/systemDictionary.cpp, line 232]
Event: 13,129 Thread 0x00007f2ea001b800 Exception <a 'java/lang/reflect/InvocationTargetException'{0x000000008a9d03b8}> (0x000000008a9d03b8) 
thrown [open/src/hotspot/share/runtime/reflection.cpp, line 1188]
Event: 13,145 Thread 0x00007f2ea001b800 Exception <a 'java/lang/reflect/InvocationTargetException'{0x000000008a9f34a8}> (0x000000008a9f34a8) 
thrown [open/src/hotspot/share/runtime/reflection.cpp, line 1188]
Event: 17,135 Thread 0x00007f2ea001b800 Exception <a 'java/lang/reflect/InvocationTargetException'{0x000000008b4d1728}> (0x000000008b4d1728) 
thrown [open/src/hotspot/share/runtime/reflection.cpp, line 1188]
Event: 17,143 Thread 0x00007f2ea001b800 Exception <a 'java/lang/reflect/InvocationTargetException'{0x000000008b4dee38}> (0x000000008b4dee38) 
thrown [open/src/hotspot/share/runtime/reflection.cpp, line 1188]
Event: 17,152 Thread 0x00007f2ea001b800 Exception <a 'java/lang/reflect/InvocationTargetException'{0x000000008b4eedb8}> (0x000000008b4eedb8) 
thrown [open/src/hotspot/share/runtime/reflection.cpp, line 1188]
Event: 17,178 Thread 0x00007f2ea001b800 Exception <a 'java/lang/reflect/InvocationTargetException'{0x000000008b30bd18}> (0x000000008b30bd18) 
thrown [open/src/hotspot/share/runtime/reflection.cpp, line 1188]
Event: 21,994 Thread 0x00007f2ea001b800 Exception <a 'java/lang/ClassNotFoundException'{0x000000008dc28940}: java/lang/ObjectCustomizer> (0x000000008dc28940) 
thrown [open/src/hotspot/share/classfile/systemDictionary.cpp, line 232]
Event: 22,099 Thread 0x00007f2ea001b800 Exception <a 'java/lang/ClassNotFoundException'{0x000000008dc3ecc0}: at/ac/tuwien/sepm/groupphase/backend/entity/MerchandiseCustomizer> (0x000000008dc3ecc0) 
thrown [open/src/hotspot/share/classfile/systemDictionary.cpp, line 232]
Event: 22,859 Thread 0x00007f2ea001b800 Exception <a 'java/lang/NoSuchMethodError'{0x000000008d9638f8}: 'java.lang.Object java.lang.invoke.DirectMethodHandle$Holder.invokeStatic(java.lang.Object, int, java.lang.Object, java.lang.Object)'> (0x000000008d9638f8) 
thrown [open/src/hotspot/share/interpreter/linkResolver.cpp, line 767]
Event: 24,814 Thread 0x00007f2ea001b800 Exception <a 'java/lang/reflect/InvocationTargetException'{0x000000008befcdb0}> (0x000000008befcdb0) 
thrown [open/src/hotspot/share/runtime/reflection.cpp, line 1188]
Event: 26,897 Thread 0x00007f2ea001b800 Exception <a 'java/lang/reflect/InvocationTargetException'{0x000000008d9ae598}> (0x000000008d9ae598) 
thrown [open/src/hotspot/share/runtime/reflection.cpp, line 1188]
Event: 26,908 Thread 0x00007f2ea001b800 Exception <a 'java/lang/reflect/InvocationTargetException'{0x000000008d9bc4f8}> (0x000000008d9bc4f8) 
thrown [open/src/hotspot/share/runtime/reflection.cpp, line 1188]
Event: 28,851 Thread 0x00007f2ea001b800 Exception <a 'java/lang/ClassNotFoundException'{0x000000008bfeede0}: java/lang/ObjectCustomizer> (0x000000008bfeede0) 
thrown [open/src/hotspot/share/classfile/systemDictionary.cpp, line 232]
Event: 28,856 Thread 0x00007f2ea001b800 Exception <a 'java/lang/ClassNotFoundException'{0x000000008be06990}: at/ac/tuwien/sepm/groupphase/backend/entity/SoldTicketsPerEventCustomizer> (0x000000008be06990) 
thrown [open/src/hotspot/share/classfile/systemDictionary.cpp, line 232]

Events (20 events):
Event: 47,264 loading class at/ac/tuwien/sepm/groupphase/backend/entity/SaveShow done
Event: 63,295 Executing VM operation: G1CollectForAllocation
Event: 64,093 Executing VM operation: G1CollectForAllocation done
Event: 65,043 loading class org/hibernate/type/descriptor/sql/RealTypeDescriptor$2
Event: 65,054 loading class org/hibernate/type/descriptor/sql/RealTypeDescriptor$2 done
Event: 68,027 Executing VM operation: G1CollectForAllocation
Event: 68,390 Executing VM operation: G1CollectForAllocation done
Event: 68,837 Executing VM operation: G1CollectForAllocation
Event: 69,135 Executing VM operation: G1CollectForAllocation done
Event: 69,588 Executing VM operation: G1Concurrent
Event: 69,977 Executing VM operation: G1Concurrent done
Event: 70,211 Executing VM operation: G1Concurrent
Event: 70,506 Executing VM operation: G1Concurrent done
Event: 70,554 Executing VM operation: G1CollectForAllocation
Event: 72,021 Executing VM operation: G1CollectForAllocation done
Event: 72,423 Executing VM operation: G1CollectForAllocation
Event: 73,817 Executing VM operation: G1CollectForAllocation done
Event: 78,055 Executing VM operation: G1CollectForAllocation
Event: 79,766 Executing VM operation: G1CollectForAllocation done
Event: 80,373 Executing VM operation: G1CollectForAllocation


Dynamic libraries:
00400000-00401000 r-xp 00000000 08:02 559660                             /usr/lib/jvm/java-13-oracle/bin/java
00401000-00402000 r--p 00000000 08:02 559660                             /usr/lib/jvm/java-13-oracle/bin/java
00402000-00403000 rw-p 00001000 08:02 559660                             /usr/lib/jvm/java-13-oracle/bin/java
0190b000-0192c000 rw-p 00000000 00:00 0                                  [heap]
86200000-95900000 rw-p 00000000 00:00 0 
a5200000-ffe00000 ---p 00000000 00:00 0 
ffe00000-ffe48000 rw-p 00b68000 08:02 560012                             /usr/lib/jvm/java-13-oracle/lib/server/classes.jsa
ffe48000-fff00000 rw-p 00000000 00:00 0 
fff00000-fff7a000 rw-p 00aee000 08:02 560012                             /usr/lib/jvm/java-13-oracle/lib/server/classes.jsa
fff7a000-100000000 rw-p 00000000 00:00 0 
800000000-800003000 rwxp 00001000 08:02 560012                           /usr/lib/jvm/java-13-oracle/lib/server/classes.jsa
800003000-8003d8000 rw-p 00004000 08:02 560012                           /usr/lib/jvm/java-13-oracle/lib/server/classes.jsa
8003d8000-800aec000 r--p 003d9000 08:02 560012                           /usr/lib/jvm/java-13-oracle/lib/server/classes.jsa
800aec000-800aed000 rw-p 00aed000 08:02 560012                           /usr/lib/jvm/java-13-oracle/lib/server/classes.jsa
800aed000-801388000 rw-p 00000000 00:00 0 
801388000-840aed000 ---p 00000000 00:00 0 
7f2e20000000-7f2e20021000 rw-p 00000000 00:00 0 
7f2e20021000-7f2e24000000 ---p 00000000 00:00 0 
7f2e24000000-7f2e24021000 rw-p 00000000 00:00 0 
7f2e24021000-7f2e28000000 ---p 00000000 00:00 0 
7f2e28000000-7f2e28021000 rw-p 00000000 00:00 0 
7f2e28021000-7f2e2c000000 ---p 00000000 00:00 0 
7f2e2eb38000-7f2e2f07d000 rw-p 00000000 00:00 0 
7f2e2f07d000-7f2e2f0fd000 ---p 00000000 00:00 0 
7f2e2f0fd000-7f2e2f2fd000 rw-p 00000000 00:00 0 
7f2e2f2fd000-7f2e2f4fd000 rw-p 00000000 00:00 0 
7f2e2f4fd000-7f2e2f6fd000 rw-p 00000000 00:00 0 
7f2e2f6fd000-7f2e2f8fd000 rw-p 00000000 00:00 0 
7f2e2f8fd000-7f2e2fafd000 rw-p 00000000 00:00 0 
7f2e2fafd000-7f2e2fcfd000 rw-p 00000000 00:00 0 
7f2e2fcfd000-7f2e2fd01000 ---p 00000000 00:00 0 
7f2e2fd01000-7f2e2fdfe000 rw-p 00000000 00:00 0 
7f2e2fdfe000-7f2e2fe02000 ---p 00000000 00:00 0 
7f2e2fe02000-7f2e2feff000 rw-p 00000000 00:00 0 
7f2e2feff000-7f2e2ff03000 ---p 00000000 00:00 0 
7f2e2ff03000-7f2e30000000 rw-p 00000000 00:00 0 
7f2e30000000-7f2e30021000 rw-p 00000000 00:00 0 
7f2e30021000-7f2e34000000 ---p 00000000 00:00 0 
7f2e34000000-7f2e34021000 rw-p 00000000 00:00 0 
7f2e34021000-7f2e38000000 ---p 00000000 00:00 0 
7f2e38000000-7f2e3803e000 rw-p 00000000 00:00 0 
7f2e3803e000-7f2e3c000000 ---p 00000000 00:00 0 
7f2e3c000000-7f2e3c021000 rw-p 00000000 00:00 0 
7f2e3c021000-7f2e40000000 ---p 00000000 00:00 0 
7f2e40000000-7f2e40021000 rw-p 00000000 00:00 0 
7f2e40021000-7f2e44000000 ---p 00000000 00:00 0 
7f2e44000000-7f2e44330000 rw-p 00000000 00:00 0 
7f2e44330000-7f2e48000000 ---p 00000000 00:00 0 
7f2e48000000-7f2e48021000 rw-p 00000000 00:00 0 
7f2e48021000-7f2e4c000000 ---p 00000000 00:00 0 
7f2e4c000000-7f2e4c021000 rw-p 00000000 00:00 0 
7f2e4c021000-7f2e50000000 ---p 00000000 00:00 0 
7f2e50000000-7f2e50021000 rw-p 00000000 00:00 0 
7f2e50021000-7f2e54000000 ---p 00000000 00:00 0 
7f2e54000000-7f2e54021000 rw-p 00000000 00:00 0 
7f2e54021000-7f2e58000000 ---p 00000000 00:00 0 
7f2e58000000-7f2e58021000 rw-p 00000000 00:00 0 
7f2e58021000-7f2e5c000000 ---p 00000000 00:00 0 
7f2e5c000000-7f2e5c692000 rw-p 00000000 00:00 0 
7f2e5c692000-7f2e60000000 ---p 00000000 00:00 0 
7f2e60000000-7f2e60021000 rw-p 00000000 00:00 0 
7f2e60021000-7f2e64000000 ---p 00000000 00:00 0 
7f2e64000000-7f2e64021000 rw-p 00000000 00:00 0 
7f2e64021000-7f2e68000000 ---p 00000000 00:00 0 
7f2e68000000-7f2e68021000 rw-p 00000000 00:00 0 
7f2e68021000-7f2e6c000000 ---p 00000000 00:00 0 
7f2e6c000000-7f2e6c079000 rw-p 00000000 00:00 0 
7f2e6c079000-7f2e70000000 ---p 00000000 00:00 0 
7f2e70000000-7f2e70021000 rw-p 00000000 00:00 0 
7f2e70021000-7f2e74000000 ---p 00000000 00:00 0 
7f2e740e4000-7f2e742e4000 rw-p 00000000 00:00 0 
7f2e742e4000-7f2e744e4000 rw-p 00000000 00:00 0 
7f2e744e4000-7f2e746e4000 rw-p 00000000 00:00 0 
7f2e746e4000-7f2e748e4000 rw-p 00000000 00:00 0 
7f2e748e4000-7f2e74ae4000 rw-p 00000000 00:00 0 
7f2e74ae4000-7f2e74ae8000 ---p 00000000 00:00 0 
7f2e74ae8000-7f2e74de5000 rw-p 00000000 00:00 0 
7f2e74de5000-7f2e74fe5000 rw-p 00000000 00:00 0 
7f2e74fe5000-7f2e751e5000 rw-p 00000000 00:00 0 
7f2e751e5000-7f2e753e5000 rw-p 00000000 00:00 0 
7f2e753e5000-7f2e755e5000 rw-p 00000000 00:00 0 
7f2e755e5000-7f2e757d1000 rw-p 00000000 00:00 0 
7f2e757d1000-7f2e757e5000 ---p 00000000 00:00 0 
7f2e757e5000-7f2e759e5000 rw-p 00000000 00:00 0 
7f2e759e5000-7f2e75be5000 rw-p 00000000 00:00 0 
7f2e75be5000-7f2e75de5000 rw-p 00000000 00:00 0 
7f2e75de5000-7f2e75dfc000 r-xp 00000000 08:02 1053492                    /lib/x86_64-linux-gnu/libresolv-2.27.so
7f2e75dfc000-7f2e75ffc000 ---p 00017000 08:02 1053492                    /lib/x86_64-linux-gnu/libresolv-2.27.so
7f2e75ffc000-7f2e75ffd000 r--p 00017000 08:02 1053492                    /lib/x86_64-linux-gnu/libresolv-2.27.so
7f2e75ffd000-7f2e75ffe000 rw-p 00018000 08:02 1053492                    /lib/x86_64-linux-gnu/libresolv-2.27.so
7f2e75ffe000-7f2e78000000 rw-p 00000000 00:00 0 
7f2e78000000-7f2e78021000 rw-p 00000000 00:00 0 
7f2e78021000-7f2e7c000000 ---p 00000000 00:00 0 
7f2e7c000000-7f2e7c05d000 rw-p 00000000 00:00 0 
7f2e7c05d000-7f2e80000000 ---p 00000000 00:00 0 
7f2e80000000-7f2e80021000 rw-p 00000000 00:00 0 
7f2e80021000-7f2e84000000 ---p 00000000 00:00 0 
7f2e84067000-7f2e8406b000 ---p 00000000 00:00 0 
7f2e8406b000-7f2e84168000 rw-p 00000000 00:00 0 
7f2e84168000-7f2e8416d000 r-xp 00000000 08:02 1053441                    /lib/x86_64-linux-gnu/libnss_dns-2.27.so
7f2e8416d000-7f2e8436d000 ---p 00005000 08:02 1053441                    /lib/x86_64-linux-gnu/libnss_dns-2.27.so
7f2e8436d000-7f2e8436e000 r--p 00005000 08:02 1053441                    /lib/x86_64-linux-gnu/libnss_dns-2.27.so
7f2e8436e000-7f2e8436f000 rw-p 00006000 08:02 1053441                    /lib/x86_64-linux-gnu/libnss_dns-2.27.so
7f2e8436f000-7f2e84371000 r-xp 00000000 08:02 1053449                    /lib/x86_64-linux-gnu/libnss_mdns4_minimal.so.2
7f2e84371000-7f2e84570000 ---p 00002000 08:02 1053449                    /lib/x86_64-linux-gnu/libnss_mdns4_minimal.so.2
7f2e84570000-7f2e84571000 r--p 00001000 08:02 1053449                    /lib/x86_64-linux-gnu/libnss_mdns4_minimal.so.2
7f2e84571000-7f2e84572000 rw-p 00002000 08:02 1053449                    /lib/x86_64-linux-gnu/libnss_mdns4_minimal.so.2
7f2e84572000-7f2e84772000 rw-p 00000000 00:00 0 
7f2e84772000-7f2e84773000 ---p 00000000 00:00 0 
7f2e84773000-7f2e84874000 rw-p 00000000 00:00 0 
7f2e84874000-7f2e84875000 ---p 00000000 00:00 0 
7f2e84875000-7f2e84976000 rw-p 00000000 00:00 0 
7f2e84976000-7f2e8497a000 ---p 00000000 00:00 0 
7f2e8497a000-7f2e84a77000 rw-p 00000000 00:00 0 
7f2e84a77000-7f2e84a78000 ---p 00000000 00:00 0 
7f2e84a78000-7f2e84b79000 rw-p 00000000 00:00 0 
7f2e84b79000-7f2e84b7d000 ---p 00000000 00:00 0 
7f2e84b7d000-7f2e84c7a000 rw-p 00000000 00:00 0 
7f2e84c7a000-7f2e84c7b000 ---p 00000000 00:00 0 
7f2e84c7b000-7f2e85158000 rw-p 00000000 00:00 0 
7f2e85158000-7f2e86bec000 ---p 00000000 00:00 0 
7f2e86bec000-7f2e86fd0000 rw-p 00000000 00:00 0 
7f2e86fd0000-7f2e88a64000 ---p 00000000 00:00 0 
7f2e88a64000-7f2e88a6c000 rw-p 00000000 00:00 0 
7f2e88a6c000-7f2e88cdc000 rwxp 00000000 00:00 0 
7f2e88cdc000-7f2e89113000 ---p 00000000 00:00 0 
7f2e89113000-7f2e89d63000 rwxp 00000000 00:00 0 
7f2e89d63000-7f2e97a6c000 ---p 00000000 00:00 0 
7f2e97a6c000-7f2ea0000000 r--s 00000000 08:02 560002                     /usr/lib/jvm/java-13-oracle/lib/modules
7f2ea0000000-7f2ea1a25000 rw-p 00000000 00:00 0 
7f2ea1a25000-7f2ea4000000 ---p 00000000 00:00 0 
7f2ea4042000-7f2ea4082000 r-xp 00000000 08:02 559998                     /usr/lib/jvm/java-13-oracle/lib/libsunec.so
7f2ea4082000-7f2ea4083000 ---p 00040000 08:02 559998                     /usr/lib/jvm/java-13-oracle/lib/libsunec.so
7f2ea4083000-7f2ea4088000 r--p 00040000 08:02 559998                     /usr/lib/jvm/java-13-oracle/lib/libsunec.so
7f2ea4088000-7f2ea408a000 rw-p 00045000 08:02 559998                     /usr/lib/jvm/java-13-oracle/lib/libsunec.so
7f2ea408a000-7f2ea408f000 r-xp 00000000 08:02 559989                     /usr/lib/jvm/java-13-oracle/lib/libmanagement_ext.so
7f2ea408f000-7f2ea4090000 r--p 00004000 08:02 559989                     /usr/lib/jvm/java-13-oracle/lib/libmanagement_ext.so
7f2ea4090000-7f2ea4091000 rw-p 00005000 08:02 559989                     /usr/lib/jvm/java-13-oracle/lib/libmanagement_ext.so
7f2ea4091000-7f2ea40c2000 rw-p 00000000 00:00 0 
7f2ea40c2000-7f2ea40d7000 r-xp 00000000 08:02 559991                     /usr/lib/jvm/java-13-oracle/lib/libnet.so
7f2ea40d7000-7f2ea40d8000 r--p 00014000 08:02 559991                     /usr/lib/jvm/java-13-oracle/lib/libnet.so
7f2ea40d8000-7f2ea40d9000 rw-p 00015000 08:02 559991                     /usr/lib/jvm/java-13-oracle/lib/libnet.so
7f2ea40d9000-7f2ea40ea000 r-xp 00000000 08:02 559992                     /usr/lib/jvm/java-13-oracle/lib/libnio.so
7f2ea40ea000-7f2ea40eb000 r--p 00010000 08:02 559992                     /usr/lib/jvm/java-13-oracle/lib/libnio.so
7f2ea40eb000-7f2ea40ec000 rw-p 00011000 08:02 559992                     /usr/lib/jvm/java-13-oracle/lib/libnio.so
7f2ea40ec000-7f2ea40f0000 ---p 00000000 00:00 0 
7f2ea40f0000-7f2ea41ed000 rw-p 00000000 00:00 0 
7f2ea41ed000-7f2ea41f1000 ---p 00000000 00:00 0 
7f2ea41f1000-7f2ea42ee000 rw-p 00000000 00:00 0 
7f2ea42ee000-7f2ea42f2000 ---p 00000000 00:00 0 
7f2ea42f2000-7f2ea43ef000 rw-p 00000000 00:00 0 
7f2ea43ef000-7f2ea43f3000 ---p 00000000 00:00 0 
7f2ea43f3000-7f2ea44f0000 rw-p 00000000 00:00 0 
7f2ea44f0000-7f2ea486b000 r--p 00000000 08:02 530969                     /usr/lib/locale/locale-archive
7f2ea486b000-7f2ea486f000 ---p 00000000 00:00 0 
7f2ea486f000-7f2ea496c000 rw-p 00000000 00:00 0 
7f2ea496c000-7f2ea4970000 ---p 00000000 00:00 0 
7f2ea4970000-7f2ea4a6d000 rw-p 00000000 00:00 0 
7f2ea4a6d000-7f2ea4a6e000 ---p 00000000 00:00 0 
7f2ea4a6e000-7f2ea548c000 rw-p 00000000 00:00 0 
7f2ea548c000-7f2ea54ad000 rw-p 00000000 00:00 0 
7f2ea54ad000-7f2ea54ae000 ---p 00000000 00:00 0 
7f2ea54ae000-7f2ea55af000 rw-p 00000000 00:00 0 
7f2ea55af000-7f2ea55b0000 ---p 00000000 00:00 0 
7f2ea55b0000-7f2ea5ab5000 rw-p 00000000 00:00 0 
7f2ea5ab5000-7f2ea5ab6000 ---p 00000000 00:00 0 
7f2ea5ab6000-7f2ea5bb7000 rw-p 00000000 00:00 0 
7f2ea5bb7000-7f2ea5bb8000 ---p 00000000 00:00 0 
7f2ea5bb8000-7f2ea5cb9000 rw-p 00000000 00:00 0 
7f2ea5cb9000-7f2ea5cba000 ---p 00000000 00:00 0 
7f2ea5cba000-7f2ea5e37000 rw-p 00000000 00:00 0 
7f2ea5e37000-7f2ea6189000 ---p 00000000 00:00 0 
7f2ea6189000-7f2ea6206000 rw-p 00000000 00:00 0 
7f2ea6206000-7f2ea6558000 ---p 00000000 00:00 0 
7f2ea6558000-7f2ea65d5000 rw-p 00000000 00:00 0 
7f2ea65d5000-7f2ea6927000 ---p 00000000 00:00 0 
7f2ea6927000-7f2ea6d45000 rw-p 00000000 00:00 0 
7f2ea6d45000-7f2ea6eff000 ---p 00000000 00:00 0 
7f2ea6eff000-7f2ea6f0a000 r-xp 00000000 08:02 1053443                    /lib/x86_64-linux-gnu/libnss_files-2.27.so
7f2ea6f0a000-7f2ea7109000 ---p 0000b000 08:02 1053443                    /lib/x86_64-linux-gnu/libnss_files-2.27.so
7f2ea7109000-7f2ea710a000 r--p 0000a000 08:02 1053443                    /lib/x86_64-linux-gnu/libnss_files-2.27.so
7f2ea710a000-7f2ea710b000 rw-p 0000b000 08:02 1053443                    /lib/x86_64-linux-gnu/libnss_files-2.27.so
7f2ea710b000-7f2ea7111000 rw-p 00000000 00:00 0 
7f2ea7111000-7f2ea7128000 r-xp 00000000 08:02 1053437                    /lib/x86_64-linux-gnu/libnsl-2.27.so
7f2ea7128000-7f2ea7327000 ---p 00017000 08:02 1053437                    /lib/x86_64-linux-gnu/libnsl-2.27.so
7f2ea7327000-7f2ea7328000 r--p 00016000 08:02 1053437                    /lib/x86_64-linux-gnu/libnsl-2.27.so
7f2ea7328000-7f2ea7329000 rw-p 00017000 08:02 1053437                    /lib/x86_64-linux-gnu/libnsl-2.27.so
7f2ea7329000-7f2ea732b000 rw-p 00000000 00:00 0 
7f2ea732b000-7f2ea7336000 r-xp 00000000 08:02 1053454                    /lib/x86_64-linux-gnu/libnss_nis-2.27.so
7f2ea7336000-7f2ea7535000 ---p 0000b000 08:02 1053454                    /lib/x86_64-linux-gnu/libnss_nis-2.27.so
7f2ea7535000-7f2ea7536000 r--p 0000a000 08:02 1053454                    /lib/x86_64-linux-gnu/libnss_nis-2.27.so
7f2ea7536000-7f2ea7537000 rw-p 0000b000 08:02 1053454                    /lib/x86_64-linux-gnu/libnss_nis-2.27.so
7f2ea7537000-7f2ea753f000 r-xp 00000000 08:02 1053439                    /lib/x86_64-linux-gnu/libnss_compat-2.27.so
7f2ea753f000-7f2ea773f000 ---p 00008000 08:02 1053439                    /lib/x86_64-linux-gnu/libnss_compat-2.27.so
7f2ea773f000-7f2ea7740000 r--p 00008000 08:02 1053439                    /lib/x86_64-linux-gnu/libnss_compat-2.27.so
7f2ea7740000-7f2ea7741000 rw-p 00009000 08:02 1053439                    /lib/x86_64-linux-gnu/libnss_compat-2.27.so
7f2ea7741000-7f2ea7748000 r-xp 00000000 08:02 1053494                    /lib/x86_64-linux-gnu/librt-2.27.so
7f2ea7748000-7f2ea7947000 ---p 00007000 08:02 1053494                    /lib/x86_64-linux-gnu/librt-2.27.so
7f2ea7947000-7f2ea7948000 r--p 00006000 08:02 1053494                    /lib/x86_64-linux-gnu/librt-2.27.so
7f2ea7948000-7f2ea7949000 rw-p 00007000 08:02 1053494                    /lib/x86_64-linux-gnu/librt-2.27.so
7f2ea7949000-7f2ea7ae6000 r-xp 00000000 08:02 1053416                    /lib/x86_64-linux-gnu/libm-2.27.so
7f2ea7ae6000-7f2ea7ce5000 ---p 0019d000 08:02 1053416                    /lib/x86_64-linux-gnu/libm-2.27.so
7f2ea7ce5000-7f2ea7ce6000 r--p 0019c000 08:02 1053416                    /lib/x86_64-linux-gnu/libm-2.27.so
7f2ea7ce6000-7f2ea7ce7000 rw-p 0019d000 08:02 1053416                    /lib/x86_64-linux-gnu/libm-2.27.so
7f2ea7ce7000-7f2ea8da7000 r-xp 00000000 08:02 560014                     /usr/lib/jvm/java-13-oracle/lib/server/libjvm.so
7f2ea8da7000-7f2ea8da8000 ---p 010c0000 08:02 560014                     /usr/lib/jvm/java-13-oracle/lib/server/libjvm.so
7f2ea8da8000-7f2ea8e69000 r--p 010c0000 08:02 560014                     /usr/lib/jvm/java-13-oracle/lib/server/libjvm.so
7f2ea8e69000-7f2ea8ea3000 rw-p 01181000 08:02 560014                     /usr/lib/jvm/java-13-oracle/lib/server/libjvm.so
7f2ea8ea3000-7f2ea8f25000 rw-p 00000000 00:00 0 
7f2ea8f25000-7f2ea910c000 r-xp 00000000 08:02 1053353                    /lib/x86_64-linux-gnu/libc-2.27.so
7f2ea910c000-7f2ea930c000 ---p 001e7000 08:02 1053353                    /lib/x86_64-linux-gnu/libc-2.27.so
7f2ea930c000-7f2ea9310000 r--p 001e7000 08:02 1053353                    /lib/x86_64-linux-gnu/libc-2.27.so
7f2ea9310000-7f2ea9312000 rw-p 001eb000 08:02 1053353                    /lib/x86_64-linux-gnu/libc-2.27.so
7f2ea9312000-7f2ea9316000 rw-p 00000000 00:00 0 
7f2ea9316000-7f2ea9319000 r-xp 00000000 08:02 1053376                    /lib/x86_64-linux-gnu/libdl-2.27.so
7f2ea9319000-7f2ea9518000 ---p 00003000 08:02 1053376                    /lib/x86_64-linux-gnu/libdl-2.27.so
7f2ea9518000-7f2ea9519000 r--p 00002000 08:02 1053376                    /lib/x86_64-linux-gnu/libdl-2.27.so
7f2ea9519000-7f2ea951a000 rw-p 00003000 08:02 1053376                    /lib/x86_64-linux-gnu/libdl-2.27.so
7f2ea951a000-7f2ea9534000 r-xp 00000000 08:02 1053486                    /lib/x86_64-linux-gnu/libpthread-2.27.so
7f2ea9534000-7f2ea9733000 ---p 0001a000 08:02 1053486                    /lib/x86_64-linux-gnu/libpthread-2.27.so
7f2ea9733000-7f2ea9734000 r--p 00019000 08:02 1053486                    /lib/x86_64-linux-gnu/libpthread-2.27.so
7f2ea9734000-7f2ea9735000 rw-p 0001a000 08:02 1053486                    /lib/x86_64-linux-gnu/libpthread-2.27.so
7f2ea9735000-7f2ea9739000 rw-p 00000000 00:00 0 
7f2ea9739000-7f2ea9755000 r-xp 00000000 08:02 1053527                    /lib/x86_64-linux-gnu/libz.so.1.2.11
7f2ea9755000-7f2ea9954000 ---p 0001c000 08:02 1053527                    /lib/x86_64-linux-gnu/libz.so.1.2.11
7f2ea9954000-7f2ea9955000 r--p 0001b000 08:02 1053527                    /lib/x86_64-linux-gnu/libz.so.1.2.11
7f2ea9955000-7f2ea9956000 rw-p 0001c000 08:02 1053527                    /lib/x86_64-linux-gnu/libz.so.1.2.11
7f2ea9956000-7f2ea997d000 r-xp 00000000 08:02 1053325                    /lib/x86_64-linux-gnu/ld-2.27.so
7f2ea9980000-7f2ea9984000 r-xp 00000000 08:02 559987                     /usr/lib/jvm/java-13-oracle/lib/libmanagement.so
7f2ea9984000-7f2ea9985000 r--p 00003000 08:02 559987                     /usr/lib/jvm/java-13-oracle/lib/libmanagement.so
7f2ea9985000-7f2ea9986000 rw-p 00004000 08:02 559987                     /usr/lib/jvm/java-13-oracle/lib/libmanagement.so
7f2ea9986000-7f2ea99ed000 rw-p 00000000 00:00 0 
7f2ea99ed000-7f2ea99f6000 ---p 00000000 00:00 0 
7f2ea99f6000-7f2ea9a11000 r-xp 00000000 08:02 559982                     /usr/lib/jvm/java-13-oracle/lib/libjimage.so
7f2ea9a11000-7f2ea9a12000 ---p 0001b000 08:02 559982                     /usr/lib/jvm/java-13-oracle/lib/libjimage.so
7f2ea9a12000-7f2ea9a14000 r--p 0001b000 08:02 559982                     /usr/lib/jvm/java-13-oracle/lib/libjimage.so
7f2ea9a14000-7f2ea9a15000 rw-p 0001d000 08:02 559982                     /usr/lib/jvm/java-13-oracle/lib/libjimage.so
7f2ea9a15000-7f2ea9a1c000 r-xp 00000000 08:02 560001                     /usr/lib/jvm/java-13-oracle/lib/libzip.so
7f2ea9a1c000-7f2ea9a1d000 r--p 00006000 08:02 560001                     /usr/lib/jvm/java-13-oracle/lib/libzip.so
7f2ea9a1d000-7f2ea9a1e000 rw-p 00007000 08:02 560001                     /usr/lib/jvm/java-13-oracle/lib/libzip.so
7f2ea9a1e000-7f2ea9a45000 r-xp 00000000 08:02 559978                     /usr/lib/jvm/java-13-oracle/lib/libjava.so
7f2ea9a45000-7f2ea9a46000 r--p 00026000 08:02 559978                     /usr/lib/jvm/java-13-oracle/lib/libjava.so
7f2ea9a46000-7f2ea9a48000 rw-p 00027000 08:02 559978                     /usr/lib/jvm/java-13-oracle/lib/libjava.so
7f2ea9a48000-7f2ea9a4c000 ---p 00000000 00:00 0 
7f2ea9a4c000-7f2ea9b4b000 rw-p 00000000 00:00 0 
7f2ea9b4b000-7f2ea9b5a000 r-xp 00000000 08:02 559983                     /usr/lib/jvm/java-13-oracle/lib/libjli.so
7f2ea9b5a000-7f2ea9b5b000 r--p 0000e000 08:02 559983                     /usr/lib/jvm/java-13-oracle/lib/libjli.so
7f2ea9b5b000-7f2ea9b5c000 rw-p 0000f000 08:02 559983                     /usr/lib/jvm/java-13-oracle/lib/libjli.so
7f2ea9b5c000-7f2ea9b5e000 rw-p 00000000 00:00 0 
7f2ea9b5e000-7f2ea9b60000 r-xp 00000000 08:02 559971                     /usr/lib/jvm/java-13-oracle/lib/libextnet.so
7f2ea9b60000-7f2ea9b61000 r--p 00001000 08:02 559971                     /usr/lib/jvm/java-13-oracle/lib/libextnet.so
7f2ea9b61000-7f2ea9b62000 rw-p 00002000 08:02 559971                     /usr/lib/jvm/java-13-oracle/lib/libextnet.so
7f2ea9b62000-7f2ea9b6a000 rw-s 00000000 08:02 2635913                    /tmp/hsperfdata_iulia/19137
7f2ea9b6a000-7f2ea9b6b000 ---p 00000000 00:00 0 
7f2ea9b6b000-7f2ea9b6c000 r--p 00000000 00:00 0 
7f2ea9b6c000-7f2ea9b6d000 ---p 00000000 00:00 0 
7f2ea9b6d000-7f2ea9b7a000 r-xp 00000000 08:02 560000                     /usr/lib/jvm/java-13-oracle/lib/libverify.so
7f2ea9b7a000-7f2ea9b7c000 r--p 0000c000 08:02 560000                     /usr/lib/jvm/java-13-oracle/lib/libverify.so
7f2ea9b7c000-7f2ea9b7d000 rw-p 0000e000 08:02 560000                     /usr/lib/jvm/java-13-oracle/lib/libverify.so
7f2ea9b7d000-7f2ea9b7e000 r--p 00027000 08:02 1053325                    /lib/x86_64-linux-gnu/ld-2.27.so
7f2ea9b7e000-7f2ea9b7f000 rw-p 00028000 08:02 1053325                    /lib/x86_64-linux-gnu/ld-2.27.so
7f2ea9b7f000-7f2ea9b80000 rw-p 00000000 00:00 0 
7ffc67d08000-7ffc67d2c000 rw-p 00000000 00:00 0                          [stack]
7ffc67d92000-7ffc67d95000 r--p 00000000 00:00 0                          [vvar]
7ffc67d95000-7ffc67d97000 r-xp 00000000 00:00 0                          [vdso]
ffffffffff600000-ffffffffff601000 r-xp 00000000 00:00 0                  [vsyscall]


VM Arguments:
jvm_args: -XX:TieredStopAtLevel=1 
java_command: at.ac.tuwien.sepm.groupphase.backend.BackendApplication --spring.profiles.active=generateData
java_class_path (initial): /home/iulia/sepm/ss20_sepm_inso_10/backend/target/classes:/home/iulia/.m2/repository/org/modelmapper/modelmapper/2.3.5/modelmapper-2.3.5.jar:/home/iulia/.m2/repository/org/springframework/boot/spring-boot-starter-data-jpa/2.2.6.RELEASE/spring-boot-starter-data-jpa-2.2.6.RELEASE.jar:/home/iulia/.m2/repository/org/springframework/boot/spring-boot-starter-aop/2.2.6.RELEASE/spring-boot-starter-aop-2.2.6.RELEASE.jar:/home/iulia/.m2/repository/org/aspectj/aspectjweaver/1.9.5/aspectjweaver-1.9.5.jar:/home/iulia/.m2/repository/org/springframework/boot/spring-boot-starter-jdbc/2.2.6.RELEASE/spring-boot-starter-jdbc-2.2.6.RELEASE.jar:/home/iulia/.m2/repository/com/zaxxer/HikariCP/3.4.2/HikariCP-3.4.2.jar:/home/iulia/.m2/repository/org/springframework/spring-jdbc/5.2.5.RELEASE/spring-jdbc-5.2.5.RELEASE.jar:/home/iulia/.m2/repository/jakarta/activation/jakarta.activation-api/1.2.2/jakarta.activation-api-1.2.2.jar:/home/iulia/.m2/repository/jakarta/persistence/jakarta.persistence-api/2.2.3/jakarta.persistence-api-2.2.3.jar:/home/iulia/.m2/repository/jakarta/transaction/jakarta.transaction-api/1.3.3/jakarta.transaction-api-1.3.3.jar:/home/iulia/.m2/repository/org/hibernate/hibernate-core/5.4.12.Final/hibernate-core-5.4.12.Final.jar:/home/iulia/.m2/repository/org/jboss/logging/jboss-logging/3.4.1.Final/jboss-logging-3.4.1.Final.jar:/home/iulia/.m2/repository/net/bytebuddy/byte-buddy/1.10.8/byte-buddy-1.10.8.jar:/home/iulia/.m2/repository/antlr/antlr/2.7.7/antlr-2.7.7.jar:/home/iulia/.m2/repository/org/jboss/jandex/2.1.1.Final/jandex-2.1.1.Final.jar:/home/iulia/.m2/repository/org/dom4j/dom4j/2.1.1/dom4j-2.1.1.jar:/home/iulia/.m2/repository/org/hibernate/common/hibernate-commons-annotations/5.1.0.Final/hibernate-commons-annotations-5.1.0.Final.jar:/home/iulia/.m2/repository/org/glassfish/jaxb/jaxb-runtime/2.3.2/jaxb-runtime-2.3.2.jar:/home/iulia/.m2/repository/org/glassfish/jaxb/txw2/2.3.2/txw2-2.3.2.jar:/home/iulia/.m2/repository/com/sun/istack/istack-c
Launcher Type: SUN_STANDARD

[Global flags]
     intx CICompilerCount                          = 3                                         {product} {ergonomic}
     uint ConcGCThreads                            = 1                                         {product} {ergonomic}
     uint G1ConcRefinementThreads                  = 4                                         {product} {ergonomic}
   size_t G1HeapRegionSize                         = 1048576                                   {product} {ergonomic}
    uintx GCDrainStackTargetSize                   = 64                                        {product} {ergonomic}
   size_t InitialHeapSize                          = 127926272                                 {product} {ergonomic}
   size_t MarkStackSize                            = 4194304                                   {product} {ergonomic}
   size_t MaxHeapSize                              = 2044723200                                {product} {ergonomic}
   size_t MaxNewSize                               = 1226833920                                {product} {ergonomic}
   size_t MinHeapDeltaBytes                        = 1048576                                   {product} {ergonomic}
   size_t MinHeapSize                              = 8388608                                   {product} {ergonomic}
    uintx NonNMethodCodeHeapSize                   = 6973028                                {pd product} {ergonomic}
    uintx NonProfiledCodeHeapSize                  = 244685212                              {pd product} {ergonomic}
    uintx ProfiledCodeHeapSize                     = 0                                      {pd product} {ergonomic}
    uintx ReservedCodeCacheSize                    = 251658240                              {pd product} {ergonomic}
     bool SegmentedCodeCache                       = true                                      {product} {ergonomic}
   size_t SoftMaxHeapSize                          = 2044723200                             {manageable} {ergonomic}
     intx TieredStopAtLevel                        = 1                                         {product} {command line}
     bool UseCompressedClassPointers               = true                                 {lp64_product} {ergonomic}
     bool UseCompressedOops                        = true                                 {lp64_product} {ergonomic}
     bool UseG1GC                                  = true                                      {product} {ergonomic}

Logging:
Log output configuration:
 #0: stdout all=warning uptime,level,tags
 #1: stderr all=off uptime,level,tags

Environment Variables:
PATH=/home/iulia/.nvm/versions/node/v13.10.1/bin:/usr/local/sbin:/usr/local/bin:/usr/sbin:/usr/bin:/sbin:/bin:/usr/games:/usr/local/games:/snap/bin
SHELL=/bin/bash
DISPLAY=:0

Signal Handlers:
SIGSEGV: [libjvm.so+0xdc0200], sa_mask[0]=11111111011111111101111111111110, sa_flags=SA_RESTART|SA_SIGINFO
SIGBUS: [libjvm.so+0xdc0200], sa_mask[0]=11111111011111111101111111111110, sa_flags=SA_RESTART|SA_SIGINFO
SIGFPE: [libjvm.so+0xdc0200], sa_mask[0]=11111111011111111101111111111110, sa_flags=SA_RESTART|SA_SIGINFO
SIGPIPE: [libjvm.so+0xb9f710], sa_mask[0]=11111111011111111101111111111110, sa_flags=SA_RESTART|SA_SIGINFO
SIGXFSZ: [libjvm.so+0xb9f710], sa_mask[0]=11111111011111111101111111111110, sa_flags=SA_RESTART|SA_SIGINFO
SIGILL: [libjvm.so+0xdc0200], sa_mask[0]=11111111011111111101111111111110, sa_flags=SA_RESTART|SA_SIGINFO
SIGUSR2: [libjvm.so+0xb9f5a0], sa_mask[0]=00100000000000000000000000000000, sa_flags=SA_RESTART|SA_SIGINFO
SIGHUP: [libjvm.so+0xb9fd10], sa_mask[0]=11111111011111111101111111111110, sa_flags=SA_RESTART|SA_SIGINFO
SIGINT: [libjvm.so+0xb9fd10], sa_mask[0]=11111111011111111101111111111110, sa_flags=SA_RESTART|SA_SIGINFO
SIGTERM: [libjvm.so+0xb9fd10], sa_mask[0]=11111111011111111101111111111110, sa_flags=SA_RESTART|SA_SIGINFO
SIGQUIT: [libjvm.so+0xb9fd10], sa_mask[0]=11111111011111111101111111111110, sa_flags=SA_RESTART|SA_SIGINFO


---------------  S Y S T E M  ---------------

OS:DISTRIB_ID=LinuxMint
DISTRIB_RELEASE=19
DISTRIB_CODENAME=tara
DISTRIB_DESCRIPTION="Linux Mint 19 Tara"
uname:Linux 4.15.0-20-generic #21-Ubuntu SMP Tue Apr 24 06:16:15 UTC 2018 x86_64
libc:glibc 2.27 NPTL 2.27 
rlimit: STACK 8192k, CORE 0k, NPROC 30677, NOFILE 4096, AS infinity, DATA infinity, FSIZE infinity
load average:29,41 9,70 3,98

/proc/meminfo:
MemTotal:        7983440 kB
MemFree:          116144 kB
MemAvailable:      33328 kB
Buffers:            1316 kB
Cached:           396520 kB
SwapCached:         4752 kB
Active:          6587348 kB
Inactive:         850316 kB
Active(anon):    6576948 kB
Inactive(anon):   822396 kB
Active(file):      10400 kB
Inactive(file):    27920 kB
Unevictable:          96 kB
Mlocked:              96 kB
SwapTotal:       2097148 kB
SwapFree:            108 kB
Dirty:               168 kB
Writeback:             0 kB
AnonPages:       7036256 kB
Mapped:           189936 kB
Shmem:            359216 kB
Slab:             145848 kB
SReclaimable:      65464 kB
SUnreclaim:        80384 kB
KernelStack:       24928 kB
PageTables:       141512 kB
NFS_Unstable:          0 kB
Bounce:                0 kB
WritebackTmp:          0 kB
CommitLimit:     6088868 kB
Committed_AS:   23370940 kB
VmallocTotal:   34359738367 kB
VmallocUsed:           0 kB
VmallocChunk:          0 kB
HardwareCorrupted:     0 kB
AnonHugePages:         0 kB
ShmemHugePages:        0 kB
ShmemPmdMapped:        0 kB
CmaTotal:              0 kB
CmaFree:               0 kB
HugePages_Total:       0
HugePages_Free:        0
HugePages_Rsvd:        0
HugePages_Surp:        0
Hugepagesize:       2048 kB
DirectMap4k:      387108 kB
DirectMap2M:     7817216 kB


/proc/sys/kernel/threads-max (system-wide limit on the number of threads):
61354


/proc/sys/vm/max_map_count (maximum number of memory map areas a process may have):
65530


/proc/sys/kernel/pid_max (system-wide limit on number of process identifiers):
32768



container (cgroup) information:
container_type: cgroupv1
cpu_cpuset_cpus: 0-3
cpu_memory_nodes: 0
active_processor_count: 4
cpu_quota: no quota
cpu_period: 100000
cpu_shares: no shares
memory_limit_in_bytes: unlimited
memory_and_swap_limit_in_bytes: not supported
memory_soft_limit_in_bytes: unlimited
memory_usage_in_bytes: 7612174336
memory_max_usage_in_bytes: unlimited

Steal ticks since vm start: 0
Steal ticks percentage since vm start:  0,000

CPU:total 4 (initial active 4) (2 cores per cpu, 2 threads per core) family 6 model 58 stepping 9, cmov, cx8, fxsr, mmx, sse, sse2, sse3, ssse3, sse4.1, sse4.2, popcnt, avx, aes, clmul, erms, ht, tsc, tscinvbit, tscinv
CPU Model and flags from /proc/cpuinfo:
model name	: Intel(R) Core(TM) i5-3320M CPU @ 2.60GHz
flags		: fpu vme de pse tsc msr pae mce cx8 apic sep mtrr pge mca cmov pat pse36 clflush dts acpi mmx fxsr sse sse2 ss ht tm pbe syscall nx rdtscp lm constant_tsc arch_perfmon pebs bts rep_good nopl xtopology nonstop_tsc cpuid aperfmperf pni pclmulqdq dtes64 monitor ds_cpl vmx smx est tm2 ssse3 cx16 xtpr pdcm pcid sse4_1 sse4_2 x2apic popcnt tsc_deadline_timer aes xsave avx f16c rdrand lahf_lm cpuid_fault epb pti tpr_shadow vnmi flexpriority ept vpid fsgsbase smep erms xsaveopt dtherm ida arat pln pts

Memory: 4k page, physical 7983440k(119520k free), swap 2097148k(108k free)

vm_info: Java HotSpot(TM) 64-Bit Server VM (13.0.2+8) for linux-amd64 JRE (13.0.2+8), built on Dec 11 2019 09:23:46 by "mach5one" with gcc 8.2.0

END.
